==============================================
Starting FCViT job on idun-01-03 at Fri Apr 18 09:21:20 CEST 2025
Fri Apr 18 09:21:20 2025       
+-----------------------------------------------------------------------------------------+
| NVIDIA-SMI 555.42.06              Driver Version: 555.42.06      CUDA Version: 12.5     |
|-----------------------------------------+------------------------+----------------------+
| GPU  Name                 Persistence-M | Bus-Id          Disp.A | Volatile Uncorr. ECC |
| Fan  Temp   Perf          Pwr:Usage/Cap |           Memory-Usage | GPU-Util  Compute M. |
|                                         |                        |               MIG M. |
|=========================================+========================+======================|
|   0  NVIDIA H100 80GB HBM3          On  |   00000000:19:00.0 Off |                    0 |
| N/A   37C    P0             73W /  700W |       1MiB /  81559MiB |      0%      Default |
|                                         |                        |             Disabled |
+-----------------------------------------+------------------------+----------------------+
|   1  NVIDIA H100 80GB HBM3          On  |   00000000:9B:00.0 Off |                    0 |
| N/A   34C    P0            119W /  700W |    8628MiB /  81559MiB |      0%      Default |
|                                         |                        |             Disabled |
+-----------------------------------------+------------------------+----------------------+
|   2  NVIDIA H100 80GB HBM3          On  |   00000000:BB:00.0 Off |                    0 |
| N/A   29C    P0            115W /  700W |    9114MiB /  81559MiB |      0%      Default |
|                                         |                        |             Disabled |
+-----------------------------------------+------------------------+----------------------+
|   3  NVIDIA H100 80GB HBM3          On  |   00000000:CB:00.0 Off |                    0 |
| N/A   34C    P0             73W /  700W |       1MiB /  81559MiB |      0%      Default |
|                                         |                        |             Disabled |
+-----------------------------------------+------------------------+----------------------+
                                                                                         
+-----------------------------------------------------------------------------------------+
| Processes:                                                                              |
|  GPU   GI   CI        PID   Type   Process name                              GPU Memory |
|        ID   ID                                                               Usage      |
|=========================================================================================|
+-----------------------------------------------------------------------------------------+
CUDA visible: 0,1,2,3
CUDA available: True
GPUs: 4
==============================================
job dir: /cluster/home/muhamhz/fcvit-mt-ntnu
{'device': 'cuda', 'backbone': 'vit_base_patch16_224', 'size_puzzle': 225, 'size_fragment': 75, 'num_fragment': 9, 'lr': 3e-05, 'epochs': 100, 'start_epoch': 0, 'weight_decay': 0.05, 'batch_size': 64, 'num_workers': 2, 'seed': 42, 'resume': '', 'data_path': '/cluster/home/muhamhz/data/imagenet', 'output_dir': '/cluster/home/muhamhz/fcvit-mt-ntnu/output_fcvit_h100'}
job dir: /cluster/home/muhamhz/fcvit-mt-ntnu
{'device': 'cuda', 'backbone': 'vit_base_patch16_224', 'size_puzzle': 225, 'size_fragment': 75, 'num_fragment': 9, 'lr': 3e-05, 'epochs': 100, 'start_epoch': 0, 'weight_decay': 0.05, 'batch_size': 64, 'num_workers': 2, 'seed': 42, 'resume': '', 'data_path': '/cluster/home/muhamhz/data/imagenet', 'output_dir': '/cluster/home/muhamhz/fcvit-mt-ntnu/output_fcvit_h100'}
job dir: /cluster/home/muhamhz/fcvit-mt-ntnu
{'device': 'cuda', 'backbone': 'vit_base_patch16_224', 'size_puzzle': 225, 'size_fragment': 75, 'num_fragment': 9, 'lr': 3e-05, 'epochs': 100, 'start_epoch': 0, 'weight_decay': 0.05, 'batch_size': 64, 'num_workers': 2, 'seed': 42, 'resume': '', 'data_path': '/cluster/home/muhamhz/data/imagenet', 'output_dir': '/cluster/home/muhamhz/fcvit-mt-ntnu/output_fcvit_h100'}
job dir: /cluster/home/muhamhz/fcvit-mt-ntnu
{'device': 'cuda', 'backbone': 'vit_base_patch16_224', 'size_puzzle': 225, 'size_fragment': 75, 'num_fragment': 9, 'lr': 3e-05, 'epochs': 100, 'start_epoch': 0, 'weight_decay': 0.05, 'batch_size': 64, 'num_workers': 2, 'seed': 42, 'resume': '', 'data_path': '/cluster/home/muhamhz/data/imagenet', 'output_dir': '/cluster/home/muhamhz/fcvit-mt-ntnu/output_fcvit_h100'}
Dataset ImageFolder
    Number of datapoints: 1281167
    Root location: /cluster/home/muhamhz/data/imagenet/train
    StandardTransform
Transform: Compose(
               Resize(size=256, interpolation=bicubic, max_size=None, antialias=True)
               CenterCrop(size=(224, 224))
               Pad(padding=(0, 0, 1, 1), fill=0, padding_mode=constant)
               ToTensor()
               Normalize(mean=[0.485, 0.456, 0.406], std=[0.229, 0.224, 0.225])
           )
Dataset ImageFolder
    Number of datapoints: 1281167
    Root location: /cluster/home/muhamhz/data/imagenet/train
    StandardTransform
Transform: Compose(
               Resize(size=256, interpolation=bicubic, max_size=None, antialias=True)
               CenterCrop(size=(224, 224))
               Pad(padding=(0, 0, 1, 1), fill=0, padding_mode=constant)
               ToTensor()
               Normalize(mean=[0.485, 0.456, 0.406], std=[0.229, 0.224, 0.225])
           )
Dataset ImageFolder
    Number of datapoints: 1281167
    Root location: /cluster/home/muhamhz/data/imagenet/train
    StandardTransform
Transform: Compose(
               Resize(size=256, interpolation=bicubic, max_size=None, antialias=True)
               CenterCrop(size=(224, 224))
               Pad(padding=(0, 0, 1, 1), fill=0, padding_mode=constant)
               ToTensor()
               Normalize(mean=[0.485, 0.456, 0.406], std=[0.229, 0.224, 0.225])
           )
Dataset ImageFolder
    Number of datapoints: 1281167
    Root location: /cluster/home/muhamhz/data/imagenet/train
    StandardTransform
Transform: Compose(
               Resize(size=256, interpolation=bicubic, max_size=None, antialias=True)
               CenterCrop(size=(224, 224))
               Pad(padding=(0, 0, 1, 1), fill=0, padding_mode=constant)
               ToTensor()
               Normalize(mean=[0.485, 0.456, 0.406], std=[0.229, 0.224, 0.225])
           )
Total trainable params: 87586674
Start training for 100 epochs 🔥
Total trainable params: 87586674
Start training for 100 epochs 🔥
Total trainable params: 87586674
Start training for 100 epochs 🔥
Total trainable params: 87586674
Start training for 100 epochs 🔥
Epoch 1  |  learning rate: 3.00e-05
[Epoch 1] [Batch 10] Loss: 0.4237
[Epoch 1] [Batch 20] Loss: 0.3380
[Epoch 1] [Batch 30] Loss: 0.3366
[Epoch 1] [Batch 40] Loss: 0.3362
[Epoch 1] [Batch 50] Loss: 0.3354
[Epoch 1] [Batch 60] Loss: 0.3355
[Epoch 1] [Batch 70] Loss: 0.3353
[Epoch 1] [Batch 80] Loss: 0.3360
[Epoch 1] [Batch 90] Loss: 0.3361
[Epoch 1] [Batch 100] Loss: 0.3361
[Epoch 1] [Batch 110] Loss: 0.3357
[Epoch 1] [Batch 120] Loss: 0.3371
[Epoch 1] [Batch 130] Loss: 0.3356
[Epoch 1] [Batch 140] Loss: 0.3347
[Epoch 1] [Batch 150] Loss: 0.3349
[Epoch 1] [Batch 160] Loss: 0.3353
[Epoch 1] [Batch 170] Loss: 0.3347
[Epoch 1] [Batch 180] Loss: 0.3352
[Epoch 1] [Batch 190] Loss: 0.3356
[Epoch 1] [Batch 200] Loss: 0.3354
[Epoch 1] [Batch 210] Loss: 0.3353
[Epoch 1] [Batch 220] Loss: 0.3359
[Epoch 1] [Batch 230] Loss: 0.3354
[Epoch 1] [Batch 240] Loss: 0.3358
[Epoch 1] [Batch 250] Loss: 0.3367
[Epoch 1] [Batch 260] Loss: 0.3361
[Epoch 1] [Batch 270] Loss: 0.3350
[Epoch 1] [Batch 280] Loss: 0.3369
[Epoch 1] [Batch 290] Loss: 0.3358
[Epoch 1] [Batch 300] Loss: 0.3346
[Epoch 1] [Batch 310] Loss: 0.3349
[Epoch 1] [Batch 320] Loss: 0.3348
[Epoch 1] [Batch 330] Loss: 0.3363
[Epoch 1] [Batch 340] Loss: 0.3350
[Epoch 1] [Batch 350] Loss: 0.3347
[Epoch 1] [Batch 360] Loss: 0.3346
[Epoch 1] [Batch 370] Loss: 0.3347
[Epoch 1] [Batch 380] Loss: 0.3355
[Epoch 1] [Batch 390] Loss: 0.3358
[Epoch 1] [Batch 400] Loss: 0.3349
[Epoch 1] [Batch 410] Loss: 0.3355
[Epoch 1] [Batch 420] Loss: 0.3349
[Epoch 1] [Batch 430] Loss: 0.3344
[Epoch 1] [Batch 440] Loss: 0.3354
[Epoch 1] [Batch 450] Loss: 0.3348
[Epoch 1] [Batch 460] Loss: 0.3346
[Epoch 1] [Batch 470] Loss: 0.3344
[Epoch 1] [Batch 480] Loss: 0.3350
[Epoch 1] [Batch 490] Loss: 0.3341
[Epoch 1] [Batch 500] Loss: 0.3348
[Epoch 1] [Batch 510] Loss: 0.3358
[Epoch 1] [Batch 520] Loss: 0.3358
[Epoch 1] [Batch 530] Loss: 0.3347
[Epoch 1] [Batch 540] Loss: 0.3350
[Epoch 1] [Batch 550] Loss: 0.3351
[Epoch 1] [Batch 560] Loss: 0.3348
[Epoch 1] [Batch 570] Loss: 0.3361
[Epoch 1] [Batch 580] Loss: 0.3349
[Epoch 1] [Batch 590] Loss: 0.3356
[Epoch 1] [Batch 600] Loss: 0.3346
[Epoch 1] [Batch 610] Loss: 0.3356
[Epoch 1] [Batch 620] Loss: 0.3341
[Epoch 1] [Batch 630] Loss: 0.3339
[Epoch 1] [Batch 640] Loss: 0.3352
[Epoch 1] [Batch 650] Loss: 0.3349
[Epoch 1] [Batch 660] Loss: 0.3356
[Epoch 1] [Batch 670] Loss: 0.3341
[Epoch 1] [Batch 680] Loss: 0.3350
[Epoch 1] [Batch 690] Loss: 0.3352
[Epoch 1] [Batch 700] Loss: 0.3347
[Epoch 1] [Batch 710] Loss: 0.3348
[Epoch 1] [Batch 720] Loss: 0.3348
[Epoch 1] [Batch 730] Loss: 0.3350
[Epoch 1] [Batch 740] Loss: 0.3349
[Epoch 1] [Batch 750] Loss: 0.3351
[Epoch 1] [Batch 760] Loss: 0.3345
[Epoch 1] [Batch 770] Loss: 0.3351
[Epoch 1] [Batch 780] Loss: 0.3353
[Epoch 1] [Batch 790] Loss: 0.3349
[Epoch 1] [Batch 800] Loss: 0.3361
[Epoch 1] [Batch 810] Loss: 0.3353
[Epoch 1] [Batch 820] Loss: 0.3348
[Epoch 1] [Batch 830] Loss: 0.3345
[Epoch 1] [Batch 840] Loss: 0.3340
[Epoch 1] [Batch 850] Loss: 0.3358
[Epoch 1] [Batch 860] Loss: 0.3348
[Epoch 1] [Batch 870] Loss: 0.3340
[Epoch 1] [Batch 880] Loss: 0.3349
[Epoch 1] [Batch 890] Loss: 0.3347
[Epoch 1] [Batch 900] Loss: 0.3341
[Epoch 1] [Batch 910] Loss: 0.3350
[Epoch 1] [Batch 920] Loss: 0.3346
[Epoch 1] [Batch 930] Loss: 0.3336
[Epoch 1] [Batch 940] Loss: 0.3358
[Epoch 1] [Batch 950] Loss: 0.3350
[Epoch 1] [Batch 960] Loss: 0.3342
[Epoch 1] [Batch 970] Loss: 0.3348
[Epoch 1] [Batch 980] Loss: 0.3348
[Epoch 1] [Batch 990] Loss: 0.3351
[Epoch 1] [Batch 1000] Loss: 0.3346
[Epoch 1] [Batch 1010] Loss: 0.3346
[Epoch 1] [Batch 1020] Loss: 0.3352
[Epoch 1] [Batch 1030] Loss: 0.3351
[Epoch 1] [Batch 1040] Loss: 0.3344
[Epoch 1] [Batch 1050] Loss: 0.3341
[Epoch 1] [Batch 1060] Loss: 0.3352
[Epoch 1] [Batch 1070] Loss: 0.3338
[Epoch 1] [Batch 1080] Loss: 0.3345
[Epoch 1] [Batch 1090] Loss: 0.3352
[Epoch 1] [Batch 1100] Loss: 0.3340
[Epoch 1] [Batch 1110] Loss: 0.3355
[Epoch 1] [Batch 1120] Loss: 0.3351
[Epoch 1] [Batch 1130] Loss: 0.3346
[Epoch 1] [Batch 1140] Loss: 0.3349
[Epoch 1] [Batch 1150] Loss: 0.3336
[Epoch 1] [Batch 1160] Loss: 0.3352
[Epoch 1] [Batch 1170] Loss: 0.3349
[Epoch 1] [Batch 1180] Loss: 0.3347
[Epoch 1] [Batch 1190] Loss: 0.3344
[Epoch 1] [Batch 1200] Loss: 0.3349
[Epoch 1] [Batch 1210] Loss: 0.3347
[Epoch 1] [Batch 1220] Loss: 0.3346
[Epoch 1] [Batch 1230] Loss: 0.3345
[Epoch 1] [Batch 1240] Loss: 0.3342
[Epoch 1] [Batch 1250] Loss: 0.3349
[Epoch 1] [Batch 1260] Loss: 0.3354
[Epoch 1] [Batch 1270] Loss: 0.3340
[Epoch 1] [Batch 1280] Loss: 0.3345
[Epoch 1] [Batch 1290] Loss: 0.3343
[Epoch 1] [Batch 1300] Loss: 0.3343
[Epoch 1] [Batch 1310] Loss: 0.3345
[Epoch 1] [Batch 1320] Loss: 0.3339
[Epoch 1] [Batch 1330] Loss: 0.3346
[Epoch 1] [Batch 1340] Loss: 0.3339
[Epoch 1] [Batch 1350] Loss: 0.3346
[Epoch 1] [Batch 1360] Loss: 0.3344
[Epoch 1] [Batch 1370] Loss: 0.3346
[Epoch 1] [Batch 1380] Loss: 0.3350
[Epoch 1] [Batch 1390] Loss: 0.3349
[Epoch 1] [Batch 1400] Loss: 0.3347
[Epoch 1] [Batch 1410] Loss: 0.3348
[Epoch 1] [Batch 1420] Loss: 0.3339
[Epoch 1] [Batch 1430] Loss: 0.3346
[Epoch 1] [Batch 1440] Loss: 0.3344
[Epoch 1] [Batch 1450] Loss: 0.3343
[Epoch 1] [Batch 1460] Loss: 0.3345
[Epoch 1] [Batch 1470] Loss: 0.3354
[Epoch 1] [Batch 1480] Loss: 0.3343
[Epoch 1] [Batch 1490] Loss: 0.3349
[Epoch 1] [Batch 1500] Loss: 0.3350
[Epoch 1] [Batch 1510] Loss: 0.3337
[Epoch 1] [Batch 1520] Loss: 0.3340
[Epoch 1] [Batch 1530] Loss: 0.3347
[Epoch 1] [Batch 1540] Loss: 0.3346
[Epoch 1] [Batch 1550] Loss: 0.3339
[Epoch 1] [Batch 1560] Loss: 0.3349
[Epoch 1] [Batch 1570] Loss: 0.3345
[Epoch 1] [Batch 1580] Loss: 0.3345
[Epoch 1] [Batch 1590] Loss: 0.3340
[Epoch 1] [Batch 1600] Loss: 0.3349
[Epoch 1] [Batch 1610] Loss: 0.3335
[Epoch 1] [Batch 1620] Loss: 0.3347
[Epoch 1] [Batch 1630] Loss: 0.3341
[Epoch 1] [Batch 1640] Loss: 0.3345
[Epoch 1] [Batch 1650] Loss: 0.3342
[Epoch 1] [Batch 1660] Loss: 0.3347
[Epoch 1] [Batch 1670] Loss: 0.3340
[Epoch 1] [Batch 1680] Loss: 0.3344
[Epoch 1] [Batch 1690] Loss: 0.3342
[Epoch 1] [Batch 1700] Loss: 0.3340
[Epoch 1] [Batch 1710] Loss: 0.3344
[Epoch 1] [Batch 1720] Loss: 0.3336
[Epoch 1] [Batch 1730] Loss: 0.3350
[Epoch 1] [Batch 1740] Loss: 0.3342
[Epoch 1] [Batch 1750] Loss: 0.3348
[Epoch 1] [Batch 1760] Loss: 0.3347
[Epoch 1] [Batch 1770] Loss: 0.3351
[Epoch 1] [Batch 1780] Loss: 0.3339
[Epoch 1] [Batch 1790] Loss: 0.3355
[Epoch 1] [Batch 1800] Loss: 0.3341
[Epoch 1] [Batch 1810] Loss: 0.3342
[Epoch 1] [Batch 1820] Loss: 0.3340
[Epoch 1] [Batch 1830] Loss: 0.3347
[Epoch 1] [Batch 1840] Loss: 0.3348
[Epoch 1] [Batch 1850] Loss: 0.3342
[Epoch 1] [Batch 1860] Loss: 0.3340
[Epoch 1] [Batch 1870] Loss: 0.3341
[Epoch 1] [Batch 1880] Loss: 0.3340
[Epoch 1] [Batch 1890] Loss: 0.3342
[Epoch 1] [Batch 1900] Loss: 0.3343
[Epoch 1] [Batch 1910] Loss: 0.3344
[Epoch 1] [Batch 1920] Loss: 0.3347
[Epoch 1] [Batch 1930] Loss: 0.3348
[Epoch 1] [Batch 1940] Loss: 0.3341
[Epoch 1] [Batch 1950] Loss: 0.3341
[Epoch 1] [Batch 1960] Loss: 0.3340
[Epoch 1] [Batch 1970] Loss: 0.3348
[Epoch 1] [Batch 1980] Loss: 0.3348
[Epoch 1] [Batch 1990] Loss: 0.3346
[Epoch 1] [Batch 2000] Loss: 0.3347
[Epoch 1] [Batch 2010] Loss: 0.3344
[Epoch 1] [Batch 2020] Loss: 0.3346
[Epoch 1] [Batch 2030] Loss: 0.3346
[Epoch 1] [Batch 2040] Loss: 0.3337
[Epoch 1] [Batch 2050] Loss: 0.3348
[Epoch 1] [Batch 2060] Loss: 0.3343
[Epoch 1] [Batch 2070] Loss: 0.3336
[Epoch 1] [Batch 2080] Loss: 0.3341
[Epoch 1] [Batch 2090] Loss: 0.3341
[Epoch 1] [Batch 2100] Loss: 0.3337
[Epoch 1] [Batch 2110] Loss: 0.3340
[Epoch 1] [Batch 2120] Loss: 0.3341
[Epoch 1] [Batch 2130] Loss: 0.3342
[Epoch 1] [Batch 2140] Loss: 0.3339
[Epoch 1] [Batch 2150] Loss: 0.3341
[Epoch 1] [Batch 2160] Loss: 0.3351
[Epoch 1] [Batch 2170] Loss: 0.3342
[Epoch 1] [Batch 2180] Loss: 0.3340
[Epoch 1] [Batch 2190] Loss: 0.3343
[Epoch 1] [Batch 2200] Loss: 0.3338
[Epoch 1] [Batch 2210] Loss: 0.3348
[Epoch 1] [Batch 2220] Loss: 0.3343
[Epoch 1] [Batch 2230] Loss: 0.3342
[Epoch 1] [Batch 2240] Loss: 0.3342
[Epoch 1] [Batch 2250] Loss: 0.3343
[Epoch 1] [Batch 2260] Loss: 0.3338
[Epoch 1] [Batch 2270] Loss: 0.3339
[Epoch 1] [Batch 2280] Loss: 0.3343
[Epoch 1] [Batch 2290] Loss: 0.3349
[Epoch 1] [Batch 2300] Loss: 0.3340
[Epoch 1] [Batch 2310] Loss: 0.3337
[Epoch 1] [Batch 2320] Loss: 0.3344
[Epoch 1] [Batch 2330] Loss: 0.3336
[Epoch 1] [Batch 2340] Loss: 0.3341
[Epoch 1] [Batch 2350] Loss: 0.3341
[Epoch 1] [Batch 2360] Loss: 0.3345
[Epoch 1] [Batch 2370] Loss: 0.3342
[Epoch 1] [Batch 2380] Loss: 0.3337
[Epoch 1] [Batch 2390] Loss: 0.3338
[Epoch 1] [Batch 2400] Loss: 0.3347
[Epoch 1] [Batch 2410] Loss: 0.3342
[Epoch 1] [Batch 2420] Loss: 0.3341
[Epoch 1] [Batch 2430] Loss: 0.3340
[Epoch 1] [Batch 2440] Loss: 0.3354
[Epoch 1] [Batch 2450] Loss: 0.3347
[Epoch 1] [Batch 2460] Loss: 0.3346
[Epoch 1] [Batch 2470] Loss: 0.3342
[Epoch 1] [Batch 2480] Loss: 0.3337
[Epoch 1] [Batch 2490] Loss: 0.3342
[Epoch 1] [Batch 2500] Loss: 0.3334
[Epoch 1] [Batch 2510] Loss: 0.3341
[Epoch 1] [Batch 2520] Loss: 0.3348
[Epoch 1] [Batch 2530] Loss: 0.3346
[Epoch 1] [Batch 2540] Loss: 0.3341
[Epoch 1] [Batch 2550] Loss: 0.3336
[Epoch 1] [Batch 2560] Loss: 0.3341
[Epoch 1] [Batch 2570] Loss: 0.3342
[Epoch 1] [Batch 2580] Loss: 0.3338
[Epoch 1] [Batch 2590] Loss: 0.3340
[Epoch 1] [Batch 2600] Loss: 0.3342
[Epoch 1] [Batch 2610] Loss: 0.3340
[Epoch 1] [Batch 2620] Loss: 0.3342
[Epoch 1] [Batch 2630] Loss: 0.3340
[Epoch 1] [Batch 2640] Loss: 0.3340
[Epoch 1] [Batch 2650] Loss: 0.3341
[Epoch 1] [Batch 2660] Loss: 0.3350
[Epoch 1] [Batch 2670] Loss: 0.3341
[Epoch 1] [Batch 2680] Loss: 0.3345
[Epoch 1] [Batch 2690] Loss: 0.3347
[Epoch 1] [Batch 2700] Loss: 0.3340
[Epoch 1] [Batch 2710] Loss: 0.3338
[Epoch 1] [Batch 2720] Loss: 0.3349
[Epoch 1] [Batch 2730] Loss: 0.3334
[Epoch 1] [Batch 2740] Loss: 0.3339
[Epoch 1] [Batch 2750] Loss: 0.3343
[Epoch 1] [Batch 2760] Loss: 0.3342
[Epoch 1] [Batch 2770] Loss: 0.3340
[Epoch 1] [Batch 2780] Loss: 0.3336
[Epoch 1] [Batch 2790] Loss: 0.3337
[Epoch 1] [Batch 2800] Loss: 0.3344
[Epoch 1] [Batch 2810] Loss: 0.3341
[Epoch 1] [Batch 2820] Loss: 0.3338
[Epoch 1] [Batch 2830] Loss: 0.3334
[Epoch 1] [Batch 2840] Loss: 0.3344
[Epoch 1] [Batch 2850] Loss: 0.3342
[Epoch 1] [Batch 2860] Loss: 0.3339
[Epoch 1] [Batch 2870] Loss: 0.3345
[Epoch 1] [Batch 2880] Loss: 0.3342
[Epoch 1] [Batch 2890] Loss: 0.3338
[Epoch 1] [Batch 2900] Loss: 0.3346
[Epoch 1] [Batch 2910] Loss: 0.3336
[Epoch 1] [Batch 2920] Loss: 0.3340
[Epoch 1] [Batch 2930] Loss: 0.3346
[Epoch 1] [Batch 2940] Loss: 0.3338
[Epoch 1] [Batch 2950] Loss: 0.3342
[Epoch 1] [Batch 2960] Loss: 0.3341
[Epoch 1] [Batch 2970] Loss: 0.3341
[Epoch 1] [Batch 2980] Loss: 0.3334
[Epoch 1] [Batch 2990] Loss: 0.3343
[Epoch 1] [Batch 3000] Loss: 0.3345
[Epoch 1] [Batch 3010] Loss: 0.3344
[Epoch 1] [Batch 3020] Loss: 0.3339
[Epoch 1] [Batch 3030] Loss: 0.3346
[Epoch 1] [Batch 3040] Loss: 0.3339
[Epoch 1] [Batch 3050] Loss: 0.3342
[Epoch 1] [Batch 3060] Loss: 0.3338
[Epoch 1] [Batch 3070] Loss: 0.3328
[Epoch 1] [Batch 3080] Loss: 0.3349
[Epoch 1] [Batch 3090] Loss: 0.3333
[Epoch 1] [Batch 3100] Loss: 0.3336
[Epoch 1] [Batch 3110] Loss: 0.3340
[Epoch 1] [Batch 3120] Loss: 0.3341
[Epoch 1] [Batch 3130] Loss: 0.3335
[Epoch 1] [Batch 3140] Loss: 0.3338
[Epoch 1] [Batch 3150] Loss: 0.3343
[Epoch 1] [Batch 3160] Loss: 0.3330
[Epoch 1] [Batch 3170] Loss: 0.3334
[Epoch 1] [Batch 3180] Loss: 0.3340
[Epoch 1] [Batch 3190] Loss: 0.3339
[Epoch 1] [Batch 3200] Loss: 0.3335
[Epoch 1] [Batch 3210] Loss: 0.3341
[Epoch 1] [Batch 3220] Loss: 0.3336
[Epoch 1] [Batch 3230] Loss: 0.3338
[Epoch 1] [Batch 3240] Loss: 0.3339
[Epoch 1] [Batch 3250] Loss: 0.3337
[Epoch 1] [Batch 3260] Loss: 0.3335
[Epoch 1] [Batch 3270] Loss: 0.3339
[Epoch 1] [Batch 3280] Loss: 0.3331
[Epoch 1] [Batch 3290] Loss: 0.3342
[Epoch 1] [Batch 3300] Loss: 0.3334
[Epoch 1] [Batch 3310] Loss: 0.3335
[Epoch 1] [Batch 3320] Loss: 0.3333
[Epoch 1] [Batch 3330] Loss: 0.3332
[Epoch 1] [Batch 3340] Loss: 0.3335
[Epoch 1] [Batch 3350] Loss: 0.3344
[Epoch 1] [Batch 3360] Loss: 0.3334
[Epoch 1] [Batch 3370] Loss: 0.3334
[Epoch 1] [Batch 3380] Loss: 0.3326
[Epoch 1] [Batch 3390] Loss: 0.3336
[Epoch 1] [Batch 3400] Loss: 0.3337
[Epoch 1] [Batch 3410] Loss: 0.3338
[Epoch 1] [Batch 3420] Loss: 0.3337
[Epoch 1] [Batch 3430] Loss: 0.3331
[Epoch 1] [Batch 3440] Loss: 0.3332
[Epoch 1] [Batch 3450] Loss: 0.3336
[Epoch 1] [Batch 3460] Loss: 0.3343
[Epoch 1] [Batch 3470] Loss: 0.3334
[Epoch 1] [Batch 3480] Loss: 0.3342
[Epoch 1] [Batch 3490] Loss: 0.3333
[Epoch 1] [Batch 3500] Loss: 0.3337
[Epoch 1] [Batch 3510] Loss: 0.3329
[Epoch 1] [Batch 3520] Loss: 0.3330
[Epoch 1] [Batch 3530] Loss: 0.3331
[Epoch 1] [Batch 3540] Loss: 0.3344
[Epoch 1] [Batch 3550] Loss: 0.3340
[Epoch 1] [Batch 3560] Loss: 0.3333
[Epoch 1] [Batch 3570] Loss: 0.3329
[Epoch 1] [Batch 3580] Loss: 0.3334
[Epoch 1] [Batch 3590] Loss: 0.3334
[Epoch 1] [Batch 3600] Loss: 0.3341
[Epoch 1] [Batch 3610] Loss: 0.3342
[Epoch 1] [Batch 3620] Loss: 0.3337
[Epoch 1] [Batch 3630] Loss: 0.3335
[Epoch 1] [Batch 3640] Loss: 0.3324
[Epoch 1] [Batch 3650] Loss: 0.3331
[Epoch 1] [Batch 3660] Loss: 0.3346
[Epoch 1] [Batch 3670] Loss: 0.3344
[Epoch 1] [Batch 3680] Loss: 0.3331
[Epoch 1] [Batch 3690] Loss: 0.3336
[Epoch 1] [Batch 3700] Loss: 0.3330
[Epoch 1] [Batch 3710] Loss: 0.3326
[Epoch 1] [Batch 3720] Loss: 0.3339
[Epoch 1] [Batch 3730] Loss: 0.3330
[Epoch 1] [Batch 3740] Loss: 0.3339
[Epoch 1] [Batch 3750] Loss: 0.3324
[Epoch 1] [Batch 3760] Loss: 0.3330
[Epoch 1] [Batch 3770] Loss: 0.3341
[Epoch 1] [Batch 3780] Loss: 0.3336
[Epoch 1] [Batch 3790] Loss: 0.3328
[Epoch 1] [Batch 3800] Loss: 0.3330
[Epoch 1] [Batch 3810] Loss: 0.3335
[Epoch 1] [Batch 3820] Loss: 0.3326
[Epoch 1] [Batch 3830] Loss: 0.3339
[Epoch 1] [Batch 3840] Loss: 0.3329
[Epoch 1] [Batch 3850] Loss: 0.3335
[Epoch 1] [Batch 3860] Loss: 0.3340
[Epoch 1] [Batch 3870] Loss: 0.3324
[Epoch 1] [Batch 3880] Loss: 0.3338
[Epoch 1] [Batch 3890] Loss: 0.3335
[Epoch 1] [Batch 3900] Loss: 0.3341
[Epoch 1] [Batch 3910] Loss: 0.3331
[Epoch 1] [Batch 3920] Loss: 0.3335
[Epoch 1] [Batch 3930] Loss: 0.3325
[Epoch 1] [Batch 3940] Loss: 0.3327
[Epoch 1] [Batch 3950] Loss: 0.3326
[Epoch 1] [Batch 3960] Loss: 0.3329
[Epoch 1] [Batch 3970] Loss: 0.3332
[Epoch 1] [Batch 3980] Loss: 0.3334
[Epoch 1] [Batch 3990] Loss: 0.3327
[Epoch 1] [Batch 4000] Loss: 0.3338
[Epoch 1] [Batch 4010] Loss: 0.3328
[Epoch 1] [Batch 4020] Loss: 0.3336
[Epoch 1] [Batch 4030] Loss: 0.3329
[Epoch 1] [Batch 4040] Loss: 0.3335
[Epoch 1] [Batch 4050] Loss: 0.3326
[Epoch 1] [Batch 4060] Loss: 0.3335
[Epoch 1] [Batch 4070] Loss: 0.3325
[Epoch 1] [Batch 4080] Loss: 0.3325
[Epoch 1] [Batch 4090] Loss: 0.3335
[Epoch 1] [Batch 4100] Loss: 0.3329
[Epoch 1] [Batch 4110] Loss: 0.3331
[Epoch 1] [Batch 4120] Loss: 0.3333
[Epoch 1] [Batch 4130] Loss: 0.3334
[Epoch 1] [Batch 4140] Loss: 0.3321
[Epoch 1] [Batch 4150] Loss: 0.3334
[Epoch 1] [Batch 4160] Loss: 0.3329
[Epoch 1] [Batch 4170] Loss: 0.3325
[Epoch 1] [Batch 4180] Loss: 0.3333
[Epoch 1] [Batch 4190] Loss: 0.3328
[Epoch 1] [Batch 4200] Loss: 0.3334
[Epoch 1] [Batch 4210] Loss: 0.3327
[Epoch 1] [Batch 4220] Loss: 0.3329
[Epoch 1] [Batch 4230] Loss: 0.3326
[Epoch 1] [Batch 4240] Loss: 0.3339
[Epoch 1] [Batch 4250] Loss: 0.3334
[Epoch 1] [Batch 4260] Loss: 0.3327
[Epoch 1] [Batch 4270] Loss: 0.3331
[Epoch 1] [Batch 4280] Loss: 0.3336
[Epoch 1] [Batch 4290] Loss: 0.3326
[Epoch 1] [Batch 4300] Loss: 0.3324
[Epoch 1] [Batch 4310] Loss: 0.3329
[Epoch 1] [Batch 4320] Loss: 0.3324
[Epoch 1] [Batch 4330] Loss: 0.3335
[Epoch 1] [Batch 4340] Loss: 0.3326
[Epoch 1] [Batch 4350] Loss: 0.3338
[Epoch 1] [Batch 4360] Loss: 0.3329
[Epoch 1] [Batch 4370] Loss: 0.3325
[Epoch 1] [Batch 4380] Loss: 0.3324
[Epoch 1] [Batch 4390] Loss: 0.3328
[Epoch 1] [Batch 4400] Loss: 0.3329
[Epoch 1] [Batch 4410] Loss: 0.3328
[Epoch 1] [Batch 4420] Loss: 0.3333
[Epoch 1] [Batch 4430] Loss: 0.3323
[Epoch 1] [Batch 4440] Loss: 0.3325
[Epoch 1] [Batch 4450] Loss: 0.3325
[Epoch 1] [Batch 4460] Loss: 0.3346
[Epoch 1] [Batch 4470] Loss: 0.3330
[Epoch 1] [Batch 4480] Loss: 0.3332
[Epoch 1] [Batch 4490] Loss: 0.3332
[Epoch 1] [Batch 4500] Loss: 0.3331
[Epoch 1] [Batch 4510] Loss: 0.3324
[Epoch 1] [Batch 4520] Loss: 0.3342
[Epoch 1] [Batch 4530] Loss: 0.3323
[Epoch 1] [Batch 4540] Loss: 0.3326
[Epoch 1] [Batch 4550] Loss: 0.3326
[Epoch 1] [Batch 4560] Loss: 0.3324
[Epoch 1] [Batch 4570] Loss: 0.3328
[Epoch 1] [Batch 4580] Loss: 0.3333
[Epoch 1] [Batch 4590] Loss: 0.3330
[Epoch 1] [Batch 4600] Loss: 0.3329
[Epoch 1] [Batch 4610] Loss: 0.3335
[Epoch 1] [Batch 4620] Loss: 0.3331
[Epoch 1] [Batch 4630] Loss: 0.3328
[Epoch 1] [Batch 4640] Loss: 0.3326
[Epoch 1] [Batch 4650] Loss: 0.3329
[Epoch 1] [Batch 4660] Loss: 0.3329
[Epoch 1] [Batch 4670] Loss: 0.3327
[Epoch 1] [Batch 4680] Loss: 0.3329
[Epoch 1] [Batch 4690] Loss: 0.3330
[Epoch 1] [Batch 4700] Loss: 0.3328
[Epoch 1] [Batch 4710] Loss: 0.3338
[Epoch 1] [Batch 4720] Loss: 0.3334
[Epoch 1] [Batch 4730] Loss: 0.3337
[Epoch 1] [Batch 4740] Loss: 0.3329
[Epoch 1] [Batch 4750] Loss: 0.3334
[Epoch 1] [Batch 4760] Loss: 0.3332
[Epoch 1] [Batch 4770] Loss: 0.3336
[Epoch 1] [Batch 4780] Loss: 0.3328
[Epoch 1] [Batch 4790] Loss: 0.3317
[Epoch 1] [Batch 4800] Loss: 0.3331
[Epoch 1] [Batch 4810] Loss: 0.3323
[Epoch 1] [Batch 4820] Loss: 0.3328
[Epoch 1] [Batch 4830] Loss: 0.3324
[Epoch 1] [Batch 4840] Loss: 0.3329
[Epoch 1] [Batch 4850] Loss: 0.3325
[Epoch 1] [Batch 4860] Loss: 0.3330
[Epoch 1] [Batch 4870] Loss: 0.3326
[Epoch 1] [Batch 4880] Loss: 0.3334
[Epoch 1] [Batch 4890] Loss: 0.3332
[Epoch 1] [Batch 4900] Loss: 0.3329
[Epoch 1] [Batch 4910] Loss: 0.3337
[Epoch 1] [Batch 4920] Loss: 0.3329
[Epoch 1] [Batch 4930] Loss: 0.3337
[Epoch 1] [Batch 4940] Loss: 0.3323
[Epoch 1] [Batch 4950] Loss: 0.3333
[Epoch 1] [Batch 4960] Loss: 0.3327
[Epoch 1] [Batch 4970] Loss: 0.3324
[Epoch 1] [Batch 4980] Loss: 0.3327
[Epoch 1] [Batch 4990] Loss: 0.3325
[Epoch 1] [Batch 5000] Loss: 0.3319
==============================================
FCViT Training completed at Fri Apr 18 10:33:34 CEST 2025
==============================================
