==============================================
Starting FCViT job on idun-01-06 at Wed May 21 20:47:58 CEST 2025
Wed May 21 20:47:58 2025       
+-----------------------------------------------------------------------------------------+
| NVIDIA-SMI 555.42.06              Driver Version: 555.42.06      CUDA Version: 12.5     |
|-----------------------------------------+------------------------+----------------------+
| GPU  Name                 Persistence-M | Bus-Id          Disp.A | Volatile Uncorr. ECC |
| Fan  Temp   Perf          Pwr:Usage/Cap |           Memory-Usage | GPU-Util  Compute M. |
|                                         |                        |               MIG M. |
|=========================================+========================+======================|
|   0  NVIDIA H100 80GB HBM3          On  |   00000000:5D:00.0 Off |                    0 |
| N/A   40C    P0             70W /  700W |       1MiB /  81559MiB |      0%      Default |
|                                         |                        |             Disabled |
+-----------------------------------------+------------------------+----------------------+
                                                                                         
+-----------------------------------------------------------------------------------------+
| Processes:                                                                              |
|  GPU   GI   CI        PID   Type   Process name                              GPU Memory |
|        ID   ID                                                               Usage      |
|=========================================================================================|
|  No running processes found                                                             |
+-----------------------------------------------------------------------------------------+
CUDA visible: 0
CUDA available: True
GPUs: 1
==============================================
job dir: /cluster/home/muhamhz/fcvit-mt-ntnu
Namespace(backbone='vit_base_patch16_224',
batch_size=64,
data_path='/cluster/home/muhamhz/data/imagenet',
device='cuda',
epochs=100,
lr=3e-05,
num_fragment=9,
num_workers=12,
output_dir='/cluster/home/muhamhz/fcvit-mt-ntnu/output_fcvit_simple',
resume='',
seed=42,
size_fragment=75,
size_puzzle=225,
start_epoch=0,
weight_decay=0.05)
Dataset ImageFolder
    Number of datapoints: 1281167
    Root location: /cluster/home/muhamhz/data/imagenet/train
    StandardTransform
Transform: Compose(
               Resize(size=256, interpolation=bicubic, max_size=None, antialias=True)
               CenterCrop(size=(224, 224))
               Pad(padding=(0, 0, 1, 1), fill=0, padding_mode=constant)
               ToTensor()
               Normalize(mean=[0.485, 0.456, 0.406], std=[0.229, 0.224, 0.225])
           )
Parameter: 87586674
Epoch: 0
AdamW (
Parameter Group 0
    amsgrad: False
    betas: (0.9, 0.999)
    capturable: False
    differentiable: False
    eps: 1e-08
    foreach: None
    fused: None
    initial_lr: 3e-05
    lr: 3e-05
    maximize: False
    weight_decay: 0.05
)
Start training for 100 epochs
epoch 1 learning rate : 3e-05
[Epoch 1] [Batch 10] Loss: 0.4240
[Epoch 1] [Batch 20] Loss: 0.3381
[Epoch 1] [Batch 30] Loss: 0.3366
[Epoch 1] [Batch 40] Loss: 0.3359
[Epoch 1] [Batch 50] Loss: 0.3357
[Epoch 1] [Batch 60] Loss: 0.3357
[Epoch 1] [Batch 70] Loss: 0.3354
[Epoch 1] [Batch 80] Loss: 0.3360
[Epoch 1] [Batch 90] Loss: 0.3361
[Epoch 1] [Batch 100] Loss: 0.3360
[Epoch 1] [Batch 110] Loss: 0.3356
[Epoch 1] [Batch 120] Loss: 0.3371
[Epoch 1] [Batch 130] Loss: 0.3358
[Epoch 1] [Batch 140] Loss: 0.3345
[Epoch 1] [Batch 150] Loss: 0.3350
[Epoch 1] [Batch 160] Loss: 0.3354
[Epoch 1] [Batch 170] Loss: 0.3348
[Epoch 1] [Batch 180] Loss: 0.3351
[Epoch 1] [Batch 190] Loss: 0.3356
[Epoch 1] [Batch 200] Loss: 0.3354
[Epoch 1] [Batch 210] Loss: 0.3350
[Epoch 1] [Batch 220] Loss: 0.3360
[Epoch 1] [Batch 230] Loss: 0.3353
[Epoch 1] [Batch 240] Loss: 0.3359
[Epoch 1] [Batch 250] Loss: 0.3367
[Epoch 1] [Batch 260] Loss: 0.3364
[Epoch 1] [Batch 270] Loss: 0.3348
[Epoch 1] [Batch 280] Loss: 0.3370
[Epoch 1] [Batch 290] Loss: 0.3356
[Epoch 1] [Batch 300] Loss: 0.3348
[Epoch 1] [Batch 310] Loss: 0.3350
[Epoch 1] [Batch 320] Loss: 0.3347
[Epoch 1] [Batch 330] Loss: 0.3364
[Epoch 1] [Batch 340] Loss: 0.3353
[Epoch 1] [Batch 350] Loss: 0.3347
[Epoch 1] [Batch 360] Loss: 0.3347
[Epoch 1] [Batch 370] Loss: 0.3347
[Epoch 1] [Batch 380] Loss: 0.3354
[Epoch 1] [Batch 390] Loss: 0.3356
[Epoch 1] [Batch 400] Loss: 0.3350
[Epoch 1] [Batch 410] Loss: 0.3353
[Epoch 1] [Batch 420] Loss: 0.3347
[Epoch 1] [Batch 430] Loss: 0.3344
[Epoch 1] [Batch 440] Loss: 0.3355
[Epoch 1] [Batch 450] Loss: 0.3348
[Epoch 1] [Batch 460] Loss: 0.3347
[Epoch 1] [Batch 470] Loss: 0.3345
[Epoch 1] [Batch 480] Loss: 0.3350
[Epoch 1] [Batch 490] Loss: 0.3342
[Epoch 1] [Batch 500] Loss: 0.3348
[Epoch 1] [Batch 510] Loss: 0.3358
[Epoch 1] [Batch 520] Loss: 0.3362
[Epoch 1] [Batch 530] Loss: 0.3348
[Epoch 1] [Batch 540] Loss: 0.3352
[Epoch 1] [Batch 550] Loss: 0.3352
[Epoch 1] [Batch 560] Loss: 0.3348
[Epoch 1] [Batch 570] Loss: 0.3363
[Epoch 1] [Batch 580] Loss: 0.3349
[Epoch 1] [Batch 590] Loss: 0.3356
[Epoch 1] [Batch 600] Loss: 0.3343
[Epoch 1] [Batch 610] Loss: 0.3356
[Epoch 1] [Batch 620] Loss: 0.3341
[Epoch 1] [Batch 630] Loss: 0.3339
[Epoch 1] [Batch 640] Loss: 0.3352
[Epoch 1] [Batch 650] Loss: 0.3349
[Epoch 1] [Batch 660] Loss: 0.3354
[Epoch 1] [Batch 670] Loss: 0.3341
[Epoch 1] [Batch 680] Loss: 0.3350
[Epoch 1] [Batch 690] Loss: 0.3353
[Epoch 1] [Batch 700] Loss: 0.3347
[Epoch 1] [Batch 710] Loss: 0.3347
[Epoch 1] [Batch 720] Loss: 0.3347
[Epoch 1] [Batch 730] Loss: 0.3351
[Epoch 1] [Batch 740] Loss: 0.3348
[Epoch 1] [Batch 750] Loss: 0.3349
[Epoch 1] [Batch 760] Loss: 0.3343
[Epoch 1] [Batch 770] Loss: 0.3351
[Epoch 1] [Batch 780] Loss: 0.3352
[Epoch 1] [Batch 790] Loss: 0.3349
[Epoch 1] [Batch 800] Loss: 0.3361
[Epoch 1] [Batch 810] Loss: 0.3354
[Epoch 1] [Batch 820] Loss: 0.3348
[Epoch 1] [Batch 830] Loss: 0.3346
[Epoch 1] [Batch 840] Loss: 0.3340
[Epoch 1] [Batch 850] Loss: 0.3358
[Epoch 1] [Batch 860] Loss: 0.3350
[Epoch 1] [Batch 870] Loss: 0.3340
[Epoch 1] [Batch 880] Loss: 0.3350
[Epoch 1] [Batch 890] Loss: 0.3348
[Epoch 1] [Batch 900] Loss: 0.3341
[Epoch 1] [Batch 910] Loss: 0.3349
[Epoch 1] [Batch 920] Loss: 0.3345
[Epoch 1] [Batch 930] Loss: 0.3336
[Epoch 1] [Batch 940] Loss: 0.3359
[Epoch 1] [Batch 950] Loss: 0.3350
[Epoch 1] [Batch 960] Loss: 0.3343
[Epoch 1] [Batch 970] Loss: 0.3351
[Epoch 1] [Batch 980] Loss: 0.3348
[Epoch 1] [Batch 990] Loss: 0.3352
[Epoch 1] [Batch 1000] Loss: 0.3348
[Epoch 1] [Batch 1010] Loss: 0.3345
[Epoch 1] [Batch 1020] Loss: 0.3352
[Epoch 1] [Batch 1030] Loss: 0.3351
[Epoch 1] [Batch 1040] Loss: 0.3345
[Epoch 1] [Batch 1050] Loss: 0.3342
[Epoch 1] [Batch 1060] Loss: 0.3353
[Epoch 1] [Batch 1070] Loss: 0.3338
[Epoch 1] [Batch 1080] Loss: 0.3343
[Epoch 1] [Batch 1090] Loss: 0.3353
[Epoch 1] [Batch 1100] Loss: 0.3340
[Epoch 1] [Batch 1110] Loss: 0.3356
[Epoch 1] [Batch 1120] Loss: 0.3351
[Epoch 1] [Batch 1130] Loss: 0.3346
[Epoch 1] [Batch 1140] Loss: 0.3349
[Epoch 1] [Batch 1150] Loss: 0.3335
[Epoch 1] [Batch 1160] Loss: 0.3351
[Epoch 1] [Batch 1170] Loss: 0.3351
[Epoch 1] [Batch 1180] Loss: 0.3348
[Epoch 1] [Batch 1190] Loss: 0.3344
[Epoch 1] [Batch 1200] Loss: 0.3349
[Epoch 1] [Batch 1210] Loss: 0.3347
[Epoch 1] [Batch 1220] Loss: 0.3346
[Epoch 1] [Batch 1230] Loss: 0.3344
[Epoch 1] [Batch 1240] Loss: 0.3342
[Epoch 1] [Batch 1250] Loss: 0.3348
[Epoch 1] [Batch 1260] Loss: 0.3353
[Epoch 1] [Batch 1270] Loss: 0.3339
[Epoch 1] [Batch 1280] Loss: 0.3344
[Epoch 1] [Batch 1290] Loss: 0.3343
[Epoch 1] [Batch 1300] Loss: 0.3342
[Epoch 1] [Batch 1310] Loss: 0.3346
[Epoch 1] [Batch 1320] Loss: 0.3340
[Epoch 1] [Batch 1330] Loss: 0.3348
[Epoch 1] [Batch 1340] Loss: 0.3341
[Epoch 1] [Batch 1350] Loss: 0.3346
[Epoch 1] [Batch 1360] Loss: 0.3345
[Epoch 1] [Batch 1370] Loss: 0.3346
[Epoch 1] [Batch 1380] Loss: 0.3350
[Epoch 1] [Batch 1390] Loss: 0.3350
[Epoch 1] [Batch 1400] Loss: 0.3349
[Epoch 1] [Batch 1410] Loss: 0.3348
[Epoch 1] [Batch 1420] Loss: 0.3339
[Epoch 1] [Batch 1430] Loss: 0.3346
[Epoch 1] [Batch 1440] Loss: 0.3346
[Epoch 1] [Batch 1450] Loss: 0.3343
[Epoch 1] [Batch 1460] Loss: 0.3346
[Epoch 1] [Batch 1470] Loss: 0.3354
[Epoch 1] [Batch 1480] Loss: 0.3344
[Epoch 1] [Batch 1490] Loss: 0.3349
[Epoch 1] [Batch 1500] Loss: 0.3351
[Epoch 1] [Batch 1510] Loss: 0.3338
[Epoch 1] [Batch 1520] Loss: 0.3342
[Epoch 1] [Batch 1530] Loss: 0.3347
[Epoch 1] [Batch 1540] Loss: 0.3346
[Epoch 1] [Batch 1550] Loss: 0.3338
[Epoch 1] [Batch 1560] Loss: 0.3349
[Epoch 1] [Batch 1570] Loss: 0.3345
[Epoch 1] [Batch 1580] Loss: 0.3345
[Epoch 1] [Batch 1590] Loss: 0.3340
[Epoch 1] [Batch 1600] Loss: 0.3348
[Epoch 1] [Batch 1610] Loss: 0.3336
[Epoch 1] [Batch 1620] Loss: 0.3347
[Epoch 1] [Batch 1630] Loss: 0.3341
[Epoch 1] [Batch 1640] Loss: 0.3346
[Epoch 1] [Batch 1650] Loss: 0.3342
[Epoch 1] [Batch 1660] Loss: 0.3347
[Epoch 1] [Batch 1670] Loss: 0.3340
[Epoch 1] [Batch 1680] Loss: 0.3344
[Epoch 1] [Batch 1690] Loss: 0.3342
[Epoch 1] [Batch 1700] Loss: 0.3339
[Epoch 1] [Batch 1710] Loss: 0.3344
[Epoch 1] [Batch 1720] Loss: 0.3336
[Epoch 1] [Batch 1730] Loss: 0.3350
[Epoch 1] [Batch 1740] Loss: 0.3342
[Epoch 1] [Batch 1750] Loss: 0.3348
[Epoch 1] [Batch 1760] Loss: 0.3348
[Epoch 1] [Batch 1770] Loss: 0.3349
[Epoch 1] [Batch 1780] Loss: 0.3340
[Epoch 1] [Batch 1790] Loss: 0.3355
[Epoch 1] [Batch 1800] Loss: 0.3341
[Epoch 1] [Batch 1810] Loss: 0.3342
[Epoch 1] [Batch 1820] Loss: 0.3342
[Epoch 1] [Batch 1830] Loss: 0.3347
[Epoch 1] [Batch 1840] Loss: 0.3348
[Epoch 1] [Batch 1850] Loss: 0.3342
[Epoch 1] [Batch 1860] Loss: 0.3340
[Epoch 1] [Batch 1870] Loss: 0.3342
[Epoch 1] [Batch 1880] Loss: 0.3340
[Epoch 1] [Batch 1890] Loss: 0.3342
[Epoch 1] [Batch 1900] Loss: 0.3343
[Epoch 1] [Batch 1910] Loss: 0.3345
[Epoch 1] [Batch 1920] Loss: 0.3347
[Epoch 1] [Batch 1930] Loss: 0.3350
[Epoch 1] [Batch 1940] Loss: 0.3341
[Epoch 1] [Batch 1950] Loss: 0.3340
[Epoch 1] [Batch 1960] Loss: 0.3339
[Epoch 1] [Batch 1970] Loss: 0.3348
[Epoch 1] [Batch 1980] Loss: 0.3346
[Epoch 1] [Batch 1990] Loss: 0.3347
[Epoch 1] [Batch 2000] Loss: 0.3346
[Epoch 1] [Batch 2010] Loss: 0.3344
[Epoch 1] [Batch 2020] Loss: 0.3346
[Epoch 1] [Batch 2030] Loss: 0.3346
[Epoch 1] [Batch 2040] Loss: 0.3337
[Epoch 1] [Batch 2050] Loss: 0.3348
[Epoch 1] [Batch 2060] Loss: 0.3344
[Epoch 1] [Batch 2070] Loss: 0.3336
[Epoch 1] [Batch 2080] Loss: 0.3342
[Epoch 1] [Batch 2090] Loss: 0.3340
[Epoch 1] [Batch 2100] Loss: 0.3337
[Epoch 1] [Batch 2110] Loss: 0.3340
[Epoch 1] [Batch 2120] Loss: 0.3342
[Epoch 1] [Batch 2130] Loss: 0.3342
[Epoch 1] [Batch 2140] Loss: 0.3340
[Epoch 1] [Batch 2150] Loss: 0.3341
[Epoch 1] [Batch 2160] Loss: 0.3351
[Epoch 1] [Batch 2170] Loss: 0.3342
[Epoch 1] [Batch 2180] Loss: 0.3341
[Epoch 1] [Batch 2190] Loss: 0.3343
[Epoch 1] [Batch 2200] Loss: 0.3338
[Epoch 1] [Batch 2210] Loss: 0.3348
[Epoch 1] [Batch 2220] Loss: 0.3343
[Epoch 1] [Batch 2230] Loss: 0.3342
[Epoch 1] [Batch 2240] Loss: 0.3342
[Epoch 1] [Batch 2250] Loss: 0.3342
[Epoch 1] [Batch 2260] Loss: 0.3339
[Epoch 1] [Batch 2270] Loss: 0.3339
[Epoch 1] [Batch 2280] Loss: 0.3343
[Epoch 1] [Batch 2290] Loss: 0.3349
[Epoch 1] [Batch 2300] Loss: 0.3340
[Epoch 1] [Batch 2310] Loss: 0.3336
[Epoch 1] [Batch 2320] Loss: 0.3344
[Epoch 1] [Batch 2330] Loss: 0.3336
[Epoch 1] [Batch 2340] Loss: 0.3342
[Epoch 1] [Batch 2350] Loss: 0.3342
[Epoch 1] [Batch 2360] Loss: 0.3344
[Epoch 1] [Batch 2370] Loss: 0.3343
[Epoch 1] [Batch 2380] Loss: 0.3337
[Epoch 1] [Batch 2390] Loss: 0.3338
[Epoch 1] [Batch 2400] Loss: 0.3347
[Epoch 1] [Batch 2410] Loss: 0.3342
[Epoch 1] [Batch 2420] Loss: 0.3341
[Epoch 1] [Batch 2430] Loss: 0.3340
[Epoch 1] [Batch 2440] Loss: 0.3355
[Epoch 1] [Batch 2450] Loss: 0.3347
[Epoch 1] [Batch 2460] Loss: 0.3346
[Epoch 1] [Batch 2470] Loss: 0.3342
[Epoch 1] [Batch 2480] Loss: 0.3338
[Epoch 1] [Batch 2490] Loss: 0.3343
[Epoch 1] [Batch 2500] Loss: 0.3334
[Epoch 1] [Batch 2510] Loss: 0.3341
[Epoch 1] [Batch 2520] Loss: 0.3348
[Epoch 1] [Batch 2530] Loss: 0.3346
[Epoch 1] [Batch 2540] Loss: 0.3342
[Epoch 1] [Batch 2550] Loss: 0.3337
[Epoch 1] [Batch 2560] Loss: 0.3342
[Epoch 1] [Batch 2570] Loss: 0.3342
[Epoch 1] [Batch 2580] Loss: 0.3339
[Epoch 1] [Batch 2590] Loss: 0.3340
[Epoch 1] [Batch 2600] Loss: 0.3342
[Epoch 1] [Batch 2610] Loss: 0.3341
[Epoch 1] [Batch 2620] Loss: 0.3342
[Epoch 1] [Batch 2630] Loss: 0.3339
[Epoch 1] [Batch 2640] Loss: 0.3340
[Epoch 1] [Batch 2650] Loss: 0.3342
[Epoch 1] [Batch 2660] Loss: 0.3351
[Epoch 1] [Batch 2670] Loss: 0.3341
[Epoch 1] [Batch 2680] Loss: 0.3343
[Epoch 1] [Batch 2690] Loss: 0.3346
[Epoch 1] [Batch 2700] Loss: 0.3340
[Epoch 1] [Batch 2710] Loss: 0.3338
[Epoch 1] [Batch 2720] Loss: 0.3349
[Epoch 1] [Batch 2730] Loss: 0.3333
[Epoch 1] [Batch 2740] Loss: 0.3339
[Epoch 1] [Batch 2750] Loss: 0.3342
[Epoch 1] [Batch 2760] Loss: 0.3341
[Epoch 1] [Batch 2770] Loss: 0.3340
[Epoch 1] [Batch 2780] Loss: 0.3337
[Epoch 1] [Batch 2790] Loss: 0.3337
[Epoch 1] [Batch 2800] Loss: 0.3344
[Epoch 1] [Batch 2810] Loss: 0.3341
[Epoch 1] [Batch 2820] Loss: 0.3339
[Epoch 1] [Batch 2830] Loss: 0.3334
[Epoch 1] [Batch 2840] Loss: 0.3345
[Epoch 1] [Batch 2850] Loss: 0.3343
[Epoch 1] [Batch 2860] Loss: 0.3339
[Epoch 1] [Batch 2870] Loss: 0.3345
[Epoch 1] [Batch 2880] Loss: 0.3343
[Epoch 1] [Batch 2890] Loss: 0.3338
[Epoch 1] [Batch 2900] Loss: 0.3346
[Epoch 1] [Batch 2910] Loss: 0.3336
[Epoch 1] [Batch 2920] Loss: 0.3341
[Epoch 1] [Batch 2930] Loss: 0.3347
[Epoch 1] [Batch 2940] Loss: 0.3338
[Epoch 1] [Batch 2950] Loss: 0.3344
[Epoch 1] [Batch 2960] Loss: 0.3342
[Epoch 1] [Batch 2970] Loss: 0.3342
[Epoch 1] [Batch 2980] Loss: 0.3335
[Epoch 1] [Batch 2990] Loss: 0.3345
[Epoch 1] [Batch 3000] Loss: 0.3345
[Epoch 1] [Batch 3010] Loss: 0.3345
[Epoch 1] [Batch 3020] Loss: 0.3343
[Epoch 1] [Batch 3030] Loss: 0.3349
[Epoch 1] [Batch 3040] Loss: 0.3340
[Epoch 1] [Batch 3050] Loss: 0.3345
[Epoch 1] [Batch 3060] Loss: 0.3339
[Epoch 1] [Batch 3070] Loss: 0.3336
[Epoch 1] [Batch 3080] Loss: 0.3356
[Epoch 1] [Batch 3090] Loss: 0.3334
[Epoch 1] [Batch 3100] Loss: 0.3341
[Epoch 1] [Batch 3110] Loss: 0.3343
[Epoch 1] [Batch 3120] Loss: 0.3344
[Epoch 1] [Batch 3130] Loss: 0.3339
[Epoch 1] [Batch 3140] Loss: 0.3339
[Epoch 1] [Batch 3150] Loss: 0.3343
[Epoch 1] [Batch 3160] Loss: 0.3338
[Epoch 1] [Batch 3170] Loss: 0.3345
[Epoch 1] [Batch 3180] Loss: 0.3338
[Epoch 1] [Batch 3190] Loss: 0.3345
[Epoch 1] [Batch 3200] Loss: 0.3338
[Epoch 1] [Batch 3210] Loss: 0.3341
[Epoch 1] [Batch 3220] Loss: 0.3342
[Epoch 1] [Batch 3230] Loss: 0.3338
[Epoch 1] [Batch 3240] Loss: 0.3347
[Epoch 1] [Batch 3250] Loss: 0.3342
[Epoch 1] [Batch 3260] Loss: 0.3336
[Epoch 1] [Batch 3270] Loss: 0.3343
[Epoch 1] [Batch 3280] Loss: 0.3336
[Epoch 1] [Batch 3290] Loss: 0.3342
[Epoch 1] [Batch 3300] Loss: 0.3337
[Epoch 1] [Batch 3310] Loss: 0.3339
[Epoch 1] [Batch 3320] Loss: 0.3344
[Epoch 1] [Batch 3330] Loss: 0.3336
[Epoch 1] [Batch 3340] Loss: 0.3344
[Epoch 1] [Batch 3350] Loss: 0.3345
[Epoch 1] [Batch 3360] Loss: 0.3339
[Epoch 1] [Batch 3370] Loss: 0.3342
[Epoch 1] [Batch 3380] Loss: 0.3339
[Epoch 1] [Batch 3390] Loss: 0.3340
[Epoch 1] [Batch 3400] Loss: 0.3342
[Epoch 1] [Batch 3410] Loss: 0.3339
[Epoch 1] [Batch 3420] Loss: 0.3340
[Epoch 1] [Batch 3430] Loss: 0.3338
[Epoch 1] [Batch 3440] Loss: 0.3338
[Epoch 1] [Batch 3450] Loss: 0.3341
[Epoch 1] [Batch 3460] Loss: 0.3344
[Epoch 1] [Batch 3470] Loss: 0.3336
[Epoch 1] [Batch 3480] Loss: 0.3345
[Epoch 1] [Batch 3490] Loss: 0.3340
[Epoch 1] [Batch 3500] Loss: 0.3342
[Epoch 1] [Batch 3510] Loss: 0.3336
[Epoch 1] [Batch 3520] Loss: 0.3339
[Epoch 1] [Batch 3530] Loss: 0.3341
[Epoch 1] [Batch 3540] Loss: 0.3344
[Epoch 1] [Batch 3550] Loss: 0.3340
[Epoch 1] [Batch 3560] Loss: 0.3339
[Epoch 1] [Batch 3570] Loss: 0.3339
[Epoch 1] [Batch 3580] Loss: 0.3338
[Epoch 1] [Batch 3590] Loss: 0.3340
[Epoch 1] [Batch 3600] Loss: 0.3343
[Epoch 1] [Batch 3610] Loss: 0.3351
[Epoch 1] [Batch 3620] Loss: 0.3341
[Epoch 1] [Batch 3630] Loss: 0.3341
[Epoch 1] [Batch 3640] Loss: 0.3336
[Epoch 1] [Batch 3650] Loss: 0.3343
[Epoch 1] [Batch 3660] Loss: 0.3347
[Epoch 1] [Batch 3670] Loss: 0.3347
[Epoch 1] [Batch 3680] Loss: 0.3339
[Epoch 1] [Batch 3690] Loss: 0.3339
[Epoch 1] [Batch 3700] Loss: 0.3341
[Epoch 1] [Batch 3710] Loss: 0.3336
[Epoch 1] [Batch 3720] Loss: 0.3341
[Epoch 1] [Batch 3730] Loss: 0.3342
[Epoch 1] [Batch 3740] Loss: 0.3345
[Epoch 1] [Batch 3750] Loss: 0.3335
[Epoch 1] [Batch 3760] Loss: 0.3346
[Epoch 1] [Batch 3770] Loss: 0.3338
[Epoch 1] [Batch 3780] Loss: 0.3344
[Epoch 1] [Batch 3790] Loss: 0.3335
[Epoch 1] [Batch 3800] Loss: 0.3338
[Epoch 1] [Batch 3810] Loss: 0.3343
[Epoch 1] [Batch 3820] Loss: 0.3339
[Epoch 1] [Batch 3830] Loss: 0.3345
[Epoch 1] [Batch 3840] Loss: 0.3337
[Epoch 1] [Batch 3850] Loss: 0.3340
[Epoch 1] [Batch 3860] Loss: 0.3342
[Epoch 1] [Batch 3870] Loss: 0.3338
[Epoch 1] [Batch 3880] Loss: 0.3344
[Epoch 1] [Batch 3890] Loss: 0.3339
[Epoch 1] [Batch 3900] Loss: 0.3346
[Epoch 1] [Batch 3910] Loss: 0.3337
[Epoch 1] [Batch 3920] Loss: 0.3343
[Epoch 1] [Batch 3930] Loss: 0.3337
[Epoch 1] [Batch 3940] Loss: 0.3339
[Epoch 1] [Batch 3950] Loss: 0.3335
[Epoch 1] [Batch 3960] Loss: 0.3339
[Epoch 1] [Batch 3970] Loss: 0.3343
[Epoch 1] [Batch 3980] Loss: 0.3337
[Epoch 1] [Batch 3990] Loss: 0.3335
[Epoch 1] [Batch 4000] Loss: 0.3344
[Epoch 1] [Batch 4010] Loss: 0.3332
[Epoch 1] [Batch 4020] Loss: 0.3344
[Epoch 1] [Batch 4030] Loss: 0.3335
[Epoch 1] [Batch 4040] Loss: 0.3350
[Epoch 1] [Batch 4050] Loss: 0.3336
[Epoch 1] [Batch 4060] Loss: 0.3340
[Epoch 1] [Batch 4070] Loss: 0.3338
[Epoch 1] [Batch 4080] Loss: 0.3337
[Epoch 1] [Batch 4090] Loss: 0.3342
[Epoch 1] [Batch 4100] Loss: 0.3332
[Epoch 1] [Batch 4110] Loss: 0.3340
[Epoch 1] [Batch 4120] Loss: 0.3340
[Epoch 1] [Batch 4130] Loss: 0.3335
[Epoch 1] [Batch 4140] Loss: 0.3340
[Epoch 1] [Batch 4150] Loss: 0.3344
[Epoch 1] [Batch 4160] Loss: 0.3336
[Epoch 1] [Batch 4170] Loss: 0.3331
[Epoch 1] [Batch 4180] Loss: 0.3340
[Epoch 1] [Batch 4190] Loss: 0.3336
[Epoch 1] [Batch 4200] Loss: 0.3343
[Epoch 1] [Batch 4210] Loss: 0.3334
[Epoch 1] [Batch 4220] Loss: 0.3341
[Epoch 1] [Batch 4230] Loss: 0.3332
[Epoch 1] [Batch 4240] Loss: 0.3343
[Epoch 1] [Batch 4250] Loss: 0.3336
[Epoch 1] [Batch 4260] Loss: 0.3339
[Epoch 1] [Batch 4270] Loss: 0.3341
[Epoch 1] [Batch 4280] Loss: 0.3333
[Epoch 1] [Batch 4290] Loss: 0.3339
[Epoch 1] [Batch 4300] Loss: 0.3345
[Epoch 1] [Batch 4310] Loss: 0.3339
[Epoch 1] [Batch 4320] Loss: 0.3335
[Epoch 1] [Batch 4330] Loss: 0.3337
[Epoch 1] [Batch 4340] Loss: 0.3333
[Epoch 1] [Batch 4350] Loss: 0.3342
[Epoch 1] [Batch 4360] Loss: 0.3337
[Epoch 1] [Batch 4370] Loss: 0.3328
[Epoch 1] [Batch 4380] Loss: 0.3335
[Epoch 1] [Batch 4390] Loss: 0.3338
[Epoch 1] [Batch 4400] Loss: 0.3340
[Epoch 1] [Batch 4410] Loss: 0.3334
[Epoch 1] [Batch 4420] Loss: 0.3342
[Epoch 1] [Batch 4430] Loss: 0.3335
[Epoch 1] [Batch 4440] Loss: 0.3336
[Epoch 1] [Batch 4450] Loss: 0.3334
[Epoch 1] [Batch 4460] Loss: 0.3344
[Epoch 1] [Batch 4470] Loss: 0.3340
[Epoch 1] [Batch 4480] Loss: 0.3335
[Epoch 1] [Batch 4490] Loss: 0.3341
[Epoch 1] [Batch 4500] Loss: 0.3335
[Epoch 1] [Batch 4510] Loss: 0.3329
[Epoch 1] [Batch 4520] Loss: 0.3340
[Epoch 1] [Batch 4530] Loss: 0.3346
[Epoch 1] [Batch 4540] Loss: 0.3328
[Epoch 1] [Batch 4550] Loss: 0.3338
[Epoch 1] [Batch 4560] Loss: 0.3329
[Epoch 1] [Batch 4570] Loss: 0.3325
[Epoch 1] [Batch 4580] Loss: 0.3336
[Epoch 1] [Batch 4590] Loss: 0.3336
[Epoch 1] [Batch 4600] Loss: 0.3334
[Epoch 1] [Batch 4610] Loss: 0.3341
[Epoch 1] [Batch 4620] Loss: 0.3348
[Epoch 1] [Batch 4630] Loss: 0.3332
[Epoch 1] [Batch 4640] Loss: 0.3338
[Epoch 1] [Batch 4650] Loss: 0.3336
[Epoch 1] [Batch 4660] Loss: 0.3345
[Epoch 1] [Batch 4670] Loss: 0.3337
[Epoch 1] [Batch 4680] Loss: 0.3338
[Epoch 1] [Batch 4690] Loss: 0.3345
[Epoch 1] [Batch 4700] Loss: 0.3336
[Epoch 1] [Batch 4710] Loss: 0.3344
[Epoch 1] [Batch 4720] Loss: 0.3336
[Epoch 1] [Batch 4730] Loss: 0.3339
[Epoch 1] [Batch 4740] Loss: 0.3335
[Epoch 1] [Batch 4750] Loss: 0.3338
[Epoch 1] [Batch 4760] Loss: 0.3332
[Epoch 1] [Batch 4770] Loss: 0.3334
[Epoch 1] [Batch 4780] Loss: 0.3331
[Epoch 1] [Batch 4790] Loss: 0.3329
[Epoch 1] [Batch 4800] Loss: 0.3336
[Epoch 1] [Batch 4810] Loss: 0.3335
[Epoch 1] [Batch 4820] Loss: 0.3333
[Epoch 1] [Batch 4830] Loss: 0.3334
[Epoch 1] [Batch 4840] Loss: 0.3340
[Epoch 1] [Batch 4850] Loss: 0.3339
[Epoch 1] [Batch 4860] Loss: 0.3335
[Epoch 1] [Batch 4870] Loss: 0.3339
[Epoch 1] [Batch 4880] Loss: 0.3339
[Epoch 1] [Batch 4890] Loss: 0.3340
[Epoch 1] [Batch 4900] Loss: 0.3337
[Epoch 1] [Batch 4910] Loss: 0.3339
[Epoch 1] [Batch 4920] Loss: 0.3334
[Epoch 1] [Batch 4930] Loss: 0.3341
[Epoch 1] [Batch 4940] Loss: 0.3338
[Epoch 1] [Batch 4950] Loss: 0.3334
[Epoch 1] [Batch 4960] Loss: 0.3328
[Epoch 1] [Batch 4970] Loss: 0.3336
[Epoch 1] [Batch 4980] Loss: 0.3341
[Epoch 1] [Batch 4990] Loss: 0.3329
[Epoch 1] [Batch 5000] Loss: 0.3332
[Epoch 1] [Batch 5010] Loss: 0.3334
[Epoch 1] [Batch 5020] Loss: 0.3329
[Epoch 1] [Batch 5030] Loss: 0.3330
[Epoch 1] [Batch 5040] Loss: 0.3338
[Epoch 1] [Batch 5050] Loss: 0.3329
[Epoch 1] [Batch 5060] Loss: 0.3343
[Epoch 1] [Batch 5070] Loss: 0.3331
[Epoch 1] [Batch 5080] Loss: 0.3336
[Epoch 1] [Batch 5090] Loss: 0.3340
[Epoch 1] [Batch 5100] Loss: 0.3326
[Epoch 1] [Batch 5110] Loss: 0.3335
[Epoch 1] [Batch 5120] Loss: 0.3333
[Epoch 1] [Batch 5130] Loss: 0.3327
[Epoch 1] [Batch 5140] Loss: 0.3333
[Epoch 1] [Batch 5150] Loss: 0.3341
[Epoch 1] [Batch 5160] Loss: 0.3337
[Epoch 1] [Batch 5170] Loss: 0.3336
[Epoch 1] [Batch 5180] Loss: 0.3327
[Epoch 1] [Batch 5190] Loss: 0.3334
[Epoch 1] [Batch 5200] Loss: 0.3330
[Epoch 1] [Batch 5210] Loss: 0.3326
[Epoch 1] [Batch 5220] Loss: 0.3330
[Epoch 1] [Batch 5230] Loss: 0.3332
[Epoch 1] [Batch 5240] Loss: 0.3336
[Epoch 1] [Batch 5250] Loss: 0.3339
[Epoch 1] [Batch 5260] Loss: 0.3334
[Epoch 1] [Batch 5270] Loss: 0.3336
[Epoch 1] [Batch 5280] Loss: 0.3334
[Epoch 1] [Batch 5290] Loss: 0.3330
[Epoch 1] [Batch 5300] Loss: 0.3334
[Epoch 1] [Batch 5310] Loss: 0.3330
[Epoch 1] [Batch 5320] Loss: 0.3333
[Epoch 1] [Batch 5330] Loss: 0.3330
[Epoch 1] [Batch 5340] Loss: 0.3333
[Epoch 1] [Batch 5350] Loss: 0.3330
[Epoch 1] [Batch 5360] Loss: 0.3331
[Epoch 1] [Batch 5370] Loss: 0.3336
[Epoch 1] [Batch 5380] Loss: 0.3337
[Epoch 1] [Batch 5390] Loss: 0.3326
[Epoch 1] [Batch 5400] Loss: 0.3327
[Epoch 1] [Batch 5410] Loss: 0.3328
[Epoch 1] [Batch 5420] Loss: 0.3342
[Epoch 1] [Batch 5430] Loss: 0.3327
[Epoch 1] [Batch 5440] Loss: 0.3341
[Epoch 1] [Batch 5450] Loss: 0.3324
[Epoch 1] [Batch 5460] Loss: 0.3333
[Epoch 1] [Batch 5470] Loss: 0.3333
[Epoch 1] [Batch 5480] Loss: 0.3327
[Epoch 1] [Batch 5490] Loss: 0.3342
[Epoch 1] [Batch 5500] Loss: 0.3328
[Epoch 1] [Batch 5510] Loss: 0.3322
[Epoch 1] [Batch 5520] Loss: 0.3334
[Epoch 1] [Batch 5530] Loss: 0.3330
[Epoch 1] [Batch 5540] Loss: 0.3329
[Epoch 1] [Batch 5550] Loss: 0.3332
[Epoch 1] [Batch 5560] Loss: 0.3337
[Epoch 1] [Batch 5570] Loss: 0.3332
[Epoch 1] [Batch 5580] Loss: 0.3332
[Epoch 1] [Batch 5590] Loss: 0.3332
[Epoch 1] [Batch 5600] Loss: 0.3329
[Epoch 1] [Batch 5610] Loss: 0.3331
[Epoch 1] [Batch 5620] Loss: 0.3328
[Epoch 1] [Batch 5630] Loss: 0.3323
[Epoch 1] [Batch 5640] Loss: 0.3326
[Epoch 1] [Batch 5650] Loss: 0.3325
[Epoch 1] [Batch 5660] Loss: 0.3335
[Epoch 1] [Batch 5670] Loss: 0.3333
[Epoch 1] [Batch 5680] Loss: 0.3335
[Epoch 1] [Batch 5690] Loss: 0.3338
[Epoch 1] [Batch 5700] Loss: 0.3328
[Epoch 1] [Batch 5710] Loss: 0.3329
[Epoch 1] [Batch 5720] Loss: 0.3333
[Epoch 1] [Batch 5730] Loss: 0.3334
[Epoch 1] [Batch 5740] Loss: 0.3324
[Epoch 1] [Batch 5750] Loss: 0.3341
[Epoch 1] [Batch 5760] Loss: 0.3334
[Epoch 1] [Batch 5770] Loss: 0.3325
[Epoch 1] [Batch 5780] Loss: 0.3330
[Epoch 1] [Batch 5790] Loss: 0.3336
[Epoch 1] [Batch 5800] Loss: 0.3332
[Epoch 1] [Batch 5810] Loss: 0.3330
[Epoch 1] [Batch 5820] Loss: 0.3338
[Epoch 1] [Batch 5830] Loss: 0.3338
[Epoch 1] [Batch 5840] Loss: 0.3338
[Epoch 1] [Batch 5850] Loss: 0.3347
[Epoch 1] [Batch 5860] Loss: 0.3338
[Epoch 1] [Batch 5870] Loss: 0.3335
[Epoch 1] [Batch 5880] Loss: 0.3333
[Epoch 1] [Batch 5890] Loss: 0.3330
[Epoch 1] [Batch 5900] Loss: 0.3328
[Epoch 1] [Batch 5910] Loss: 0.3331
[Epoch 1] [Batch 5920] Loss: 0.3336
[Epoch 1] [Batch 5930] Loss: 0.3323
[Epoch 1] [Batch 5940] Loss: 0.3326
[Epoch 1] [Batch 5950] Loss: 0.3336
[Epoch 1] [Batch 5960] Loss: 0.3339
[Epoch 1] [Batch 5970] Loss: 0.3327
[Epoch 1] [Batch 5980] Loss: 0.3331
[Epoch 1] [Batch 5990] Loss: 0.3325
[Epoch 1] [Batch 6000] Loss: 0.3324
[Epoch 1] [Batch 6010] Loss: 0.3326
[Epoch 1] [Batch 6020] Loss: 0.3327
[Epoch 1] [Batch 6030] Loss: 0.3329
[Epoch 1] [Batch 6040] Loss: 0.3319
[Epoch 1] [Batch 6050] Loss: 0.3337
[Epoch 1] [Batch 6060] Loss: 0.3341
[Epoch 1] [Batch 6070] Loss: 0.3330
[Epoch 1] [Batch 6080] Loss: 0.3325
[Epoch 1] [Batch 6090] Loss: 0.3337
[Epoch 1] [Batch 6100] Loss: 0.3332
[Epoch 1] [Batch 6110] Loss: 0.3325
[Epoch 1] [Batch 6120] Loss: 0.3326
[Epoch 1] [Batch 6130] Loss: 0.3332
[Epoch 1] [Batch 6140] Loss: 0.3324
[Epoch 1] [Batch 6150] Loss: 0.3336
[Epoch 1] [Batch 6160] Loss: 0.3332
[Epoch 1] [Batch 6170] Loss: 0.3319
[Epoch 1] [Batch 6180] Loss: 0.3328
[Epoch 1] [Batch 6190] Loss: 0.3325
[Epoch 1] [Batch 6200] Loss: 0.3329
[Epoch 1] [Batch 6210] Loss: 0.3333
[Epoch 1] [Batch 6220] Loss: 0.3323
[Epoch 1] [Batch 6230] Loss: 0.3332
[Epoch 1] [Batch 6240] Loss: 0.3323
[Epoch 1] [Batch 6250] Loss: 0.3335
[Epoch 1] [Batch 6260] Loss: 0.3330
[Epoch 1] [Batch 6270] Loss: 0.3331
[Epoch 1] [Batch 6280] Loss: 0.3326
[Epoch 1] [Batch 6290] Loss: 0.3330
[Epoch 1] [Batch 6300] Loss: 0.3321
[Epoch 1] [Batch 6310] Loss: 0.3329
[Epoch 1] [Batch 6320] Loss: 0.3326
[Epoch 1] [Batch 6330] Loss: 0.3329
[Epoch 1] [Batch 6340] Loss: 0.3328
[Epoch 1] [Batch 6350] Loss: 0.3330
[Epoch 1] [Batch 6360] Loss: 0.3339
[Epoch 1] [Batch 6370] Loss: 0.3323
[Epoch 1] [Batch 6380] Loss: 0.3328
[Epoch 1] [Batch 6390] Loss: 0.3330
[Epoch 1] [Batch 6400] Loss: 0.3334
[Epoch 1] [Batch 6410] Loss: 0.3324
[Epoch 1] [Batch 6420] Loss: 0.3341
[Epoch 1] [Batch 6430] Loss: 0.3327
[Epoch 1] [Batch 6440] Loss: 0.3332
[Epoch 1] [Batch 6450] Loss: 0.3324
[Epoch 1] [Batch 6460] Loss: 0.3332
[Epoch 1] [Batch 6470] Loss: 0.3327
[Epoch 1] [Batch 6480] Loss: 0.3336
[Epoch 1] [Batch 6490] Loss: 0.3333
[Epoch 1] [Batch 6500] Loss: 0.3330
[Epoch 1] [Batch 6510] Loss: 0.3329
[Epoch 1] [Batch 6520] Loss: 0.3336
[Epoch 1] [Batch 6530] Loss: 0.3329
[Epoch 1] [Batch 6540] Loss: 0.3339
[Epoch 1] [Batch 6550] Loss: 0.3331
[Epoch 1] [Batch 6560] Loss: 0.3322
[Epoch 1] [Batch 6570] Loss: 0.3327
[Epoch 1] [Batch 6580] Loss: 0.3326
[Epoch 1] [Batch 6590] Loss: 0.3328
[Epoch 1] [Batch 6600] Loss: 0.3334
[Epoch 1] [Batch 6610] Loss: 0.3327
[Epoch 1] [Batch 6620] Loss: 0.3334
[Epoch 1] [Batch 6630] Loss: 0.3326
[Epoch 1] [Batch 6640] Loss: 0.3323
[Epoch 1] [Batch 6650] Loss: 0.3330
[Epoch 1] [Batch 6660] Loss: 0.3325
[Epoch 1] [Batch 6670] Loss: 0.3337
[Epoch 1] [Batch 6680] Loss: 0.3336
[Epoch 1] [Batch 6690] Loss: 0.3323
[Epoch 1] [Batch 6700] Loss: 0.3327
[Epoch 1] [Batch 6710] Loss: 0.3337
[Epoch 1] [Batch 6720] Loss: 0.3329
[Epoch 1] [Batch 6730] Loss: 0.3324
[Epoch 1] [Batch 6740] Loss: 0.3333
[Epoch 1] [Batch 6750] Loss: 0.3332
[Epoch 1] [Batch 6760] Loss: 0.3330
[Epoch 1] [Batch 6770] Loss: 0.3322
[Epoch 1] [Batch 6780] Loss: 0.3338
[Epoch 1] [Batch 6790] Loss: 0.3326
[Epoch 1] [Batch 6800] Loss: 0.3329
[Epoch 1] [Batch 6810] Loss: 0.3332
[Epoch 1] [Batch 6820] Loss: 0.3318
[Epoch 1] [Batch 6830] Loss: 0.3335
[Epoch 1] [Batch 6840] Loss: 0.3325
[Epoch 1] [Batch 6850] Loss: 0.3329
[Epoch 1] [Batch 6860] Loss: 0.3328
[Epoch 1] [Batch 6870] Loss: 0.3323
[Epoch 1] [Batch 6880] Loss: 0.3328
[Epoch 1] [Batch 6890] Loss: 0.3330
[Epoch 1] [Batch 6900] Loss: 0.3325
[Epoch 1] [Batch 6910] Loss: 0.3327
[Epoch 1] [Batch 6920] Loss: 0.3336
[Epoch 1] [Batch 6930] Loss: 0.3330
[Epoch 1] [Batch 6940] Loss: 0.3330
[Epoch 1] [Batch 6950] Loss: 0.3329
[Epoch 1] [Batch 6960] Loss: 0.3332
[Epoch 1] [Batch 6970] Loss: 0.3323
[Epoch 1] [Batch 6980] Loss: 0.3328
[Epoch 1] [Batch 6990] Loss: 0.3327
[Epoch 1] [Batch 7000] Loss: 0.3328
[Epoch 1] [Batch 7010] Loss: 0.3325
[Epoch 1] [Batch 7020] Loss: 0.3328
[Epoch 1] [Batch 7030] Loss: 0.3328
[Epoch 1] [Batch 7040] Loss: 0.3322
[Epoch 1] [Batch 7050] Loss: 0.3317
[Epoch 1] [Batch 7060] Loss: 0.3328
[Epoch 1] [Batch 7070] Loss: 0.3330
[Epoch 1] [Batch 7080] Loss: 0.3326
[Epoch 1] [Batch 7090] Loss: 0.3322
[Epoch 1] [Batch 7100] Loss: 0.3323
[Epoch 1] [Batch 7110] Loss: 0.3319
[Epoch 1] [Batch 7120] Loss: 0.3330
[Epoch 1] [Batch 7130] Loss: 0.3330
[Epoch 1] [Batch 7140] Loss: 0.3328
[Epoch 1] [Batch 7150] Loss: 0.3328
[Epoch 1] [Batch 7160] Loss: 0.3327
[Epoch 1] [Batch 7170] Loss: 0.3323
[Epoch 1] [Batch 7180] Loss: 0.3329
[Epoch 1] [Batch 7190] Loss: 0.3319
[Epoch 1] [Batch 7200] Loss: 0.3327
[Epoch 1] [Batch 7210] Loss: 0.3338
[Epoch 1] [Batch 7220] Loss: 0.3333
[Epoch 1] [Batch 7230] Loss: 0.3330
[Epoch 1] [Batch 7240] Loss: 0.3327
[Epoch 1] [Batch 7250] Loss: 0.3327
[Epoch 1] [Batch 7260] Loss: 0.3323
[Epoch 1] [Batch 7270] Loss: 0.3319
[Epoch 1] [Batch 7280] Loss: 0.3338
[Epoch 1] [Batch 7290] Loss: 0.3325
[Epoch 1] [Batch 7300] Loss: 0.3331
[Epoch 1] [Batch 7310] Loss: 0.3329
[Epoch 1] [Batch 7320] Loss: 0.3329
[Epoch 1] [Batch 7330] Loss: 0.3327
[Epoch 1] [Batch 7340] Loss: 0.3323
[Epoch 1] [Batch 7350] Loss: 0.3328
[Epoch 1] [Batch 7360] Loss: 0.3313
[Epoch 1] [Batch 7370] Loss: 0.3327
[Epoch 1] [Batch 7380] Loss: 0.3322
[Epoch 1] [Batch 7390] Loss: 0.3336
[Epoch 1] [Batch 7400] Loss: 0.3328
[Epoch 1] [Batch 7410] Loss: 0.3327
[Epoch 1] [Batch 7420] Loss: 0.3325
[Epoch 1] [Batch 7430] Loss: 0.3323
[Epoch 1] [Batch 7440] Loss: 0.3336
[Epoch 1] [Batch 7450] Loss: 0.3321
[Epoch 1] [Batch 7460] Loss: 0.3327
[Epoch 1] [Batch 7470] Loss: 0.3326
[Epoch 1] [Batch 7480] Loss: 0.3325
[Epoch 1] [Batch 7490] Loss: 0.3329
[Epoch 1] [Batch 7500] Loss: 0.3324
[Epoch 1] [Batch 7510] Loss: 0.3319
[Epoch 1] [Batch 7520] Loss: 0.3332
[Epoch 1] [Batch 7530] Loss: 0.3328
[Epoch 1] [Batch 7540] Loss: 0.3328
[Epoch 1] [Batch 7550] Loss: 0.3319
[Epoch 1] [Batch 7560] Loss: 0.3326
[Epoch 1] [Batch 7570] Loss: 0.3331
[Epoch 1] [Batch 7580] Loss: 0.3317
[Epoch 1] [Batch 7590] Loss: 0.3332
[Epoch 1] [Batch 7600] Loss: 0.3324
[Epoch 1] [Batch 7610] Loss: 0.3322
[Epoch 1] [Batch 7620] Loss: 0.3322
[Epoch 1] [Batch 7630] Loss: 0.3330
[Epoch 1] [Batch 7640] Loss: 0.3318
[Epoch 1] [Batch 7650] Loss: 0.3339
[Epoch 1] [Batch 7660] Loss: 0.3323
[Epoch 1] [Batch 7670] Loss: 0.3325
[Epoch 1] [Batch 7680] Loss: 0.3329
[Epoch 1] [Batch 7690] Loss: 0.3326
[Epoch 1] [Batch 7700] Loss: 0.3324
[Epoch 1] [Batch 7710] Loss: 0.3321
[Epoch 1] [Batch 7720] Loss: 0.3316
[Epoch 1] [Batch 7730] Loss: 0.3322
[Epoch 1] [Batch 7740] Loss: 0.3323
[Epoch 1] [Batch 7750] Loss: 0.3332
[Epoch 1] [Batch 7760] Loss: 0.3325
[Epoch 1] [Batch 7770] Loss: 0.3322
[Epoch 1] [Batch 7780] Loss: 0.3319
[Epoch 1] [Batch 7790] Loss: 0.3335
[Epoch 1] [Batch 7800] Loss: 0.3323
[Epoch 1] [Batch 7810] Loss: 0.3324
[Epoch 1] [Batch 7820] Loss: 0.3328
[Epoch 1] [Batch 7830] Loss: 0.3321
[Epoch 1] [Batch 7840] Loss: 0.3317
[Epoch 1] [Batch 7850] Loss: 0.3327
[Epoch 1] [Batch 7860] Loss: 0.3326
[Epoch 1] [Batch 7870] Loss: 0.3319
[Epoch 1] [Batch 7880] Loss: 0.3324
[Epoch 1] [Batch 7890] Loss: 0.3313
[Epoch 1] [Batch 7900] Loss: 0.3320
[Epoch 1] [Batch 7910] Loss: 0.3335
[Epoch 1] [Batch 7920] Loss: 0.3325
[Epoch 1] [Batch 7930] Loss: 0.3329
[Epoch 1] [Batch 7940] Loss: 0.3322
[Epoch 1] [Batch 7950] Loss: 0.3324
[Epoch 1] [Batch 7960] Loss: 0.3330
[Epoch 1] [Batch 7970] Loss: 0.3323
[Epoch 1] [Batch 7980] Loss: 0.3320
[Epoch 1] [Batch 7990] Loss: 0.3317
[Epoch 1] [Batch 8000] Loss: 0.3335
[Epoch 1] [Batch 8010] Loss: 0.3323
[Epoch 1] [Batch 8020] Loss: 0.3331
[Epoch 1] [Batch 8030] Loss: 0.3321
[Epoch 1] [Batch 8040] Loss: 0.3318
[Epoch 1] [Batch 8050] Loss: 0.3322
[Epoch 1] [Batch 8060] Loss: 0.3331
[Epoch 1] [Batch 8070] Loss: 0.3324
[Epoch 1] [Batch 8080] Loss: 0.3330
[Epoch 1] [Batch 8090] Loss: 0.3324
[Epoch 1] [Batch 8100] Loss: 0.3333
[Epoch 1] [Batch 8110] Loss: 0.3326
[Epoch 1] [Batch 8120] Loss: 0.3321
[Epoch 1] [Batch 8130] Loss: 0.3322
[Epoch 1] [Batch 8140] Loss: 0.3323
[Epoch 1] [Batch 8150] Loss: 0.3327
[Epoch 1] [Batch 8160] Loss: 0.3321
[Epoch 1] [Batch 8170] Loss: 0.3323
[Epoch 1] [Batch 8180] Loss: 0.3331
[Epoch 1] [Batch 8190] Loss: 0.3323
[Epoch 1] [Batch 8200] Loss: 0.3316
[Epoch 1] [Batch 8210] Loss: 0.3328
[Epoch 1] [Batch 8220] Loss: 0.3326
[Epoch 1] [Batch 8230] Loss: 0.3324
[Epoch 1] [Batch 8240] Loss: 0.3325
[Epoch 1] [Batch 8250] Loss: 0.3312
[Epoch 1] [Batch 8260] Loss: 0.3331
[Epoch 1] [Batch 8270] Loss: 0.3323
[Epoch 1] [Batch 8280] Loss: 0.3321
[Epoch 1] [Batch 8290] Loss: 0.3318
[Epoch 1] [Batch 8300] Loss: 0.3326
[Epoch 1] [Batch 8310] Loss: 0.3324
[Epoch 1] [Batch 8320] Loss: 0.3329
[Epoch 1] [Batch 8330] Loss: 0.3324
[Epoch 1] [Batch 8340] Loss: 0.3323
[Epoch 1] [Batch 8350] Loss: 0.3327
[Epoch 1] [Batch 8360] Loss: 0.3321
[Epoch 1] [Batch 8370] Loss: 0.3320
[Epoch 1] [Batch 8380] Loss: 0.3313
[Epoch 1] [Batch 8390] Loss: 0.3324
[Epoch 1] [Batch 8400] Loss: 0.3320
[Epoch 1] [Batch 8410] Loss: 0.3320
[Epoch 1] [Batch 8420] Loss: 0.3324
[Epoch 1] [Batch 8430] Loss: 0.3328
[Epoch 1] [Batch 8440] Loss: 0.3323
[Epoch 1] [Batch 8450] Loss: 0.3329
[Epoch 1] [Batch 8460] Loss: 0.3331
[Epoch 1] [Batch 8470] Loss: 0.3322
[Epoch 1] [Batch 8480] Loss: 0.3324
[Epoch 1] [Batch 8490] Loss: 0.3326
[Epoch 1] [Batch 8500] Loss: 0.3320
[Epoch 1] [Batch 8510] Loss: 0.3318
[Epoch 1] [Batch 8520] Loss: 0.3319
[Epoch 1] [Batch 8530] Loss: 0.3329
[Epoch 1] [Batch 8540] Loss: 0.3322
[Epoch 1] [Batch 8550] Loss: 0.3331
[Epoch 1] [Batch 8560] Loss: 0.3322
[Epoch 1] [Batch 8570] Loss: 0.3327
[Epoch 1] [Batch 8580] Loss: 0.3330
[Epoch 1] [Batch 8590] Loss: 0.3327
[Epoch 1] [Batch 8600] Loss: 0.3318
[Epoch 1] [Batch 8610] Loss: 0.3336
[Epoch 1] [Batch 8620] Loss: 0.3324
[Epoch 1] [Batch 8630] Loss: 0.3324
[Epoch 1] [Batch 8640] Loss: 0.3322
[Epoch 1] [Batch 8650] Loss: 0.3307
[Epoch 1] [Batch 8660] Loss: 0.3334
[Epoch 1] [Batch 8670] Loss: 0.3325
[Epoch 1] [Batch 8680] Loss: 0.3322
[Epoch 1] [Batch 8690] Loss: 0.3329
[Epoch 1] [Batch 8700] Loss: 0.3320
[Epoch 1] [Batch 8710] Loss: 0.3327
[Epoch 1] [Batch 8720] Loss: 0.3328
[Epoch 1] [Batch 8730] Loss: 0.3326
[Epoch 1] [Batch 8740] Loss: 0.3325
[Epoch 1] [Batch 8750] Loss: 0.3324
[Epoch 1] [Batch 8760] Loss: 0.3323
[Epoch 1] [Batch 8770] Loss: 0.3331
[Epoch 1] [Batch 8780] Loss: 0.3322
[Epoch 1] [Batch 8790] Loss: 0.3326
[Epoch 1] [Batch 8800] Loss: 0.3318
[Epoch 1] [Batch 8810] Loss: 0.3328
[Epoch 1] [Batch 8820] Loss: 0.3320
[Epoch 1] [Batch 8830] Loss: 0.3326
[Epoch 1] [Batch 8840] Loss: 0.3322
[Epoch 1] [Batch 8850] Loss: 0.3315
[Epoch 1] [Batch 8860] Loss: 0.3335
[Epoch 1] [Batch 8870] Loss: 0.3326
[Epoch 1] [Batch 8880] Loss: 0.3318
[Epoch 1] [Batch 8890] Loss: 0.3328
[Epoch 1] [Batch 8900] Loss: 0.3324
[Epoch 1] [Batch 8910] Loss: 0.3319
[Epoch 1] [Batch 8920] Loss: 0.3325
[Epoch 1] [Batch 8930] Loss: 0.3326
[Epoch 1] [Batch 8940] Loss: 0.3326
[Epoch 1] [Batch 8950] Loss: 0.3331
[Epoch 1] [Batch 8960] Loss: 0.3311
[Epoch 1] [Batch 8970] Loss: 0.3324
[Epoch 1] [Batch 8980] Loss: 0.3332
[Epoch 1] [Batch 8990] Loss: 0.3322
[Epoch 1] [Batch 9000] Loss: 0.3331
[Epoch 1] [Batch 9010] Loss: 0.3328
[Epoch 1] [Batch 9020] Loss: 0.3318
[Epoch 1] [Batch 9030] Loss: 0.3324
[Epoch 1] [Batch 9040] Loss: 0.3322
[Epoch 1] [Batch 9050] Loss: 0.3317
[Epoch 1] [Batch 9060] Loss: 0.3322
[Epoch 1] [Batch 9070] Loss: 0.3330
[Epoch 1] [Batch 9080] Loss: 0.3323
[Epoch 1] [Batch 9090] Loss: 0.3321
[Epoch 1] [Batch 9100] Loss: 0.3315
[Epoch 1] [Batch 9110] Loss: 0.3317
[Epoch 1] [Batch 9120] Loss: 0.3334
[Epoch 1] [Batch 9130] Loss: 0.3321
[Epoch 1] [Batch 9140] Loss: 0.3322
[Epoch 1] [Batch 9150] Loss: 0.3318
[Epoch 1] [Batch 9160] Loss: 0.3322
[Epoch 1] [Batch 9170] Loss: 0.3332
[Epoch 1] [Batch 9180] Loss: 0.3316
[Epoch 1] [Batch 9190] Loss: 0.3317
[Epoch 1] [Batch 9200] Loss: 0.3318
[Epoch 1] [Batch 9210] Loss: 0.3314
[Epoch 1] [Batch 9220] Loss: 0.3319
[Epoch 1] [Batch 9230] Loss: 0.3326
[Epoch 1] [Batch 9240] Loss: 0.3330
[Epoch 1] [Batch 9250] Loss: 0.3313
[Epoch 1] [Batch 9260] Loss: 0.3323
[Epoch 1] [Batch 9270] Loss: 0.3320
[Epoch 1] [Batch 9280] Loss: 0.3329
[Epoch 1] [Batch 9290] Loss: 0.3320
[Epoch 1] [Batch 9300] Loss: 0.3319
[Epoch 1] [Batch 9310] Loss: 0.3323
[Epoch 1] [Batch 9320] Loss: 0.3325
[Epoch 1] [Batch 9330] Loss: 0.3325
[Epoch 1] [Batch 9340] Loss: 0.3329
[Epoch 1] [Batch 9350] Loss: 0.3320
[Epoch 1] [Batch 9360] Loss: 0.3316
[Epoch 1] [Batch 9370] Loss: 0.3322
[Epoch 1] [Batch 9380] Loss: 0.3318
[Epoch 1] [Batch 9390] Loss: 0.3326
[Epoch 1] [Batch 9400] Loss: 0.3317
[Epoch 1] [Batch 9410] Loss: 0.3327
[Epoch 1] [Batch 9420] Loss: 0.3321
[Epoch 1] [Batch 9430] Loss: 0.3322
[Epoch 1] [Batch 9440] Loss: 0.3325
[Epoch 1] [Batch 9450] Loss: 0.3320
[Epoch 1] [Batch 9460] Loss: 0.3323
[Epoch 1] [Batch 9470] Loss: 0.3318
[Epoch 1] [Batch 9480] Loss: 0.3324
[Epoch 1] [Batch 9490] Loss: 0.3325
[Epoch 1] [Batch 9500] Loss: 0.3324
[Epoch 1] [Batch 9510] Loss: 0.3330
[Epoch 1] [Batch 9520] Loss: 0.3318
[Epoch 1] [Batch 9530] Loss: 0.3318
[Epoch 1] [Batch 9540] Loss: 0.3324
[Epoch 1] [Batch 9550] Loss: 0.3325
[Epoch 1] [Batch 9560] Loss: 0.3324
[Epoch 1] [Batch 9570] Loss: 0.3329
[Epoch 1] [Batch 9580] Loss: 0.3310
[Epoch 1] [Batch 9590] Loss: 0.3330
[Epoch 1] [Batch 9600] Loss: 0.3331
[Epoch 1] [Batch 9610] Loss: 0.3314
[Epoch 1] [Batch 9620] Loss: 0.3323
[Epoch 1] [Batch 9630] Loss: 0.3318
[Epoch 1] [Batch 9640] Loss: 0.3314
[Epoch 1] [Batch 9650] Loss: 0.3320
[Epoch 1] [Batch 9660] Loss: 0.3322
[Epoch 1] [Batch 9670] Loss: 0.3314
[Epoch 1] [Batch 9680] Loss: 0.3326
[Epoch 1] [Batch 9690] Loss: 0.3317
[Epoch 1] [Batch 9700] Loss: 0.3331
[Epoch 1] [Batch 9710] Loss: 0.3328
[Epoch 1] [Batch 9720] Loss: 0.3317
[Epoch 1] [Batch 9730] Loss: 0.3320
[Epoch 1] [Batch 9740] Loss: 0.3320
[Epoch 1] [Batch 9750] Loss: 0.3327
[Epoch 1] [Batch 9760] Loss: 0.3322
[Epoch 1] [Batch 9770] Loss: 0.3320
[Epoch 1] [Batch 9780] Loss: 0.3323
[Epoch 1] [Batch 9790] Loss: 0.3326
[Epoch 1] [Batch 9800] Loss: 0.3328
[Epoch 1] [Batch 9810] Loss: 0.3329
[Epoch 1] [Batch 9820] Loss: 0.3316
[Epoch 1] [Batch 9830] Loss: 0.3315
[Epoch 1] [Batch 9840] Loss: 0.3320
[Epoch 1] [Batch 9850] Loss: 0.3321
[Epoch 1] [Batch 9860] Loss: 0.3326
[Epoch 1] [Batch 9870] Loss: 0.3314
[Epoch 1] [Batch 9880] Loss: 0.3317
[Epoch 1] [Batch 9890] Loss: 0.3321
[Epoch 1] [Batch 9900] Loss: 0.3319
[Epoch 1] [Batch 9910] Loss: 0.3330
[Epoch 1] [Batch 9920] Loss: 0.3329
[Epoch 1] [Batch 9930] Loss: 0.3320
[Epoch 1] [Batch 9940] Loss: 0.3319
[Epoch 1] [Batch 9950] Loss: 0.3309
[Epoch 1] [Batch 9960] Loss: 0.3312
[Epoch 1] [Batch 9970] Loss: 0.3329
[Epoch 1] [Batch 9980] Loss: 0.3310
[Epoch 1] [Batch 9990] Loss: 0.3322
[Epoch 1] [Batch 10000] Loss: 0.3312
[Epoch 1] [Batch 10010] Loss: 0.3327
[Epoch 1] [Batch 10020] Loss: 0.3321
[Epoch 1] [Batch 10030] Loss: 0.3325
[Epoch 1] [Batch 10040] Loss: 0.3316
[Epoch 1] [Batch 10050] Loss: 0.3322
[Epoch 1] [Batch 10060] Loss: 0.3314
[Epoch 1] [Batch 10070] Loss: 0.3321
[Epoch 1] [Batch 10080] Loss: 0.3336
[Epoch 1] [Batch 10090] Loss: 0.3326
[Epoch 1] [Batch 10100] Loss: 0.3311
[Epoch 1] [Batch 10110] Loss: 0.3321
[Epoch 1] [Batch 10120] Loss: 0.3322
[Epoch 1] [Batch 10130] Loss: 0.3315
[Epoch 1] [Batch 10140] Loss: 0.3317
[Epoch 1] [Batch 10150] Loss: 0.3318
[Epoch 1] [Batch 10160] Loss: 0.3317
[Epoch 1] [Batch 10170] Loss: 0.3323
[Epoch 1] [Batch 10180] Loss: 0.3317
[Epoch 1] [Batch 10190] Loss: 0.3322
[Epoch 1] [Batch 10200] Loss: 0.3323
[Epoch 1] [Batch 10210] Loss: 0.3313
[Epoch 1] [Batch 10220] Loss: 0.3319
[Epoch 1] [Batch 10230] Loss: 0.3335
[Epoch 1] [Batch 10240] Loss: 0.3324
[Epoch 1] [Batch 10250] Loss: 0.3319
[Epoch 1] [Batch 10260] Loss: 0.3323
[Epoch 1] [Batch 10270] Loss: 0.3317
[Epoch 1] [Batch 10280] Loss: 0.3312
[Epoch 1] [Batch 10290] Loss: 0.3321
[Epoch 1] [Batch 10300] Loss: 0.3315
[Epoch 1] [Batch 10310] Loss: 0.3317
[Epoch 1] [Batch 10320] Loss: 0.3317
[Epoch 1] [Batch 10330] Loss: 0.3318
[Epoch 1] [Batch 10340] Loss: 0.3326
[Epoch 1] [Batch 10350] Loss: 0.3328
[Epoch 1] [Batch 10360] Loss: 0.3315
[Epoch 1] [Batch 10370] Loss: 0.3329
[Epoch 1] [Batch 10380] Loss: 0.3333
[Epoch 1] [Batch 10390] Loss: 0.3320
[Epoch 1] [Batch 10400] Loss: 0.3327
[Epoch 1] [Batch 10410] Loss: 0.3316
[Epoch 1] [Batch 10420] Loss: 0.3319
[Epoch 1] [Batch 10430] Loss: 0.3317
[Epoch 1] [Batch 10440] Loss: 0.3325
[Epoch 1] [Batch 10450] Loss: 0.3325
[Epoch 1] [Batch 10460] Loss: 0.3320
[Epoch 1] [Batch 10470] Loss: 0.3313
[Epoch 1] [Batch 10480] Loss: 0.3318
[Epoch 1] [Batch 10490] Loss: 0.3324
[Epoch 1] [Batch 10500] Loss: 0.3304
[Epoch 1] [Batch 10510] Loss: 0.3318
[Epoch 1] [Batch 10520] Loss: 0.3320
[Epoch 1] [Batch 10530] Loss: 0.3316
[Epoch 1] [Batch 10540] Loss: 0.3327
[Epoch 1] [Batch 10550] Loss: 0.3322
[Epoch 1] [Batch 10560] Loss: 0.3314
[Epoch 1] [Batch 10570] Loss: 0.3323
[Epoch 1] [Batch 10580] Loss: 0.3318
[Epoch 1] [Batch 10590] Loss: 0.3312
[Epoch 1] [Batch 10600] Loss: 0.3314
[Epoch 1] [Batch 10610] Loss: 0.3316
[Epoch 1] [Batch 10620] Loss: 0.3319
[Epoch 1] [Batch 10630] Loss: 0.3313
[Epoch 1] [Batch 10640] Loss: 0.3323
[Epoch 1] [Batch 10650] Loss: 0.3313
[Epoch 1] [Batch 10660] Loss: 0.3318
[Epoch 1] [Batch 10670] Loss: 0.3320
[Epoch 1] [Batch 10680] Loss: 0.3317
[Epoch 1] [Batch 10690] Loss: 0.3315
[Epoch 1] [Batch 10700] Loss: 0.3306
[Epoch 1] [Batch 10710] Loss: 0.3314
[Epoch 1] [Batch 10720] Loss: 0.3320
[Epoch 1] [Batch 10730] Loss: 0.3318
[Epoch 1] [Batch 10740] Loss: 0.3328
[Epoch 1] [Batch 10750] Loss: 0.3329
[Epoch 1] [Batch 10760] Loss: 0.3324
[Epoch 1] [Batch 10770] Loss: 0.3313
[Epoch 1] [Batch 10780] Loss: 0.3321
[Epoch 1] [Batch 10790] Loss: 0.3316
[Epoch 1] [Batch 10800] Loss: 0.3318
[Epoch 1] [Batch 10810] Loss: 0.3326
[Epoch 1] [Batch 10820] Loss: 0.3330
[Epoch 1] [Batch 10830] Loss: 0.3315
[Epoch 1] [Batch 10840] Loss: 0.3315
[Epoch 1] [Batch 10850] Loss: 0.3317
[Epoch 1] [Batch 10860] Loss: 0.3316
[Epoch 1] [Batch 10870] Loss: 0.3329
[Epoch 1] [Batch 10880] Loss: 0.3326
[Epoch 1] [Batch 10890] Loss: 0.3315
[Epoch 1] [Batch 10900] Loss: 0.3321
[Epoch 1] [Batch 10910] Loss: 0.3305
[Epoch 1] [Batch 10920] Loss: 0.3319
[Epoch 1] [Batch 10930] Loss: 0.3329
[Epoch 1] [Batch 10940] Loss: 0.3313
[Epoch 1] [Batch 10950] Loss: 0.3328
[Epoch 1] [Batch 10960] Loss: 0.3320
[Epoch 1] [Batch 10970] Loss: 0.3323
[Epoch 1] [Batch 10980] Loss: 0.3331
[Epoch 1] [Batch 10990] Loss: 0.3322
[Epoch 1] [Batch 11000] Loss: 0.3322
[Epoch 1] [Batch 11010] Loss: 0.3325
[Epoch 1] [Batch 11020] Loss: 0.3321
[Epoch 1] [Batch 11030] Loss: 0.3325
[Epoch 1] [Batch 11040] Loss: 0.3315
[Epoch 1] [Batch 11050] Loss: 0.3323
[Epoch 1] [Batch 11060] Loss: 0.3304
[Epoch 1] [Batch 11070] Loss: 0.3319
[Epoch 1] [Batch 11080] Loss: 0.3318
[Epoch 1] [Batch 11090] Loss: 0.3316
[Epoch 1] [Batch 11100] Loss: 0.3319
[Epoch 1] [Batch 11110] Loss: 0.3319
[Epoch 1] [Batch 11120] Loss: 0.3322
[Epoch 1] [Batch 11130] Loss: 0.3327
[Epoch 1] [Batch 11140] Loss: 0.3320
[Epoch 1] [Batch 11150] Loss: 0.3309
[Epoch 1] [Batch 11160] Loss: 0.3325
[Epoch 1] [Batch 11170] Loss: 0.3311
[Epoch 1] [Batch 11180] Loss: 0.3309
[Epoch 1] [Batch 11190] Loss: 0.3314
[Epoch 1] [Batch 11200] Loss: 0.3322
[Epoch 1] [Batch 11210] Loss: 0.3323
[Epoch 1] [Batch 11220] Loss: 0.3320
[Epoch 1] [Batch 11230] Loss: 0.3310
[Epoch 1] [Batch 11240] Loss: 0.3319
[Epoch 1] [Batch 11250] Loss: 0.3311
[Epoch 1] [Batch 11260] Loss: 0.3322
[Epoch 1] [Batch 11270] Loss: 0.3319
[Epoch 1] [Batch 11280] Loss: 0.3309
[Epoch 1] [Batch 11290] Loss: 0.3313
[Epoch 1] [Batch 11300] Loss: 0.3319
[Epoch 1] [Batch 11310] Loss: 0.3325
[Epoch 1] [Batch 11320] Loss: 0.3317
[Epoch 1] [Batch 11330] Loss: 0.3318
[Epoch 1] [Batch 11340] Loss: 0.3310
[Epoch 1] [Batch 11350] Loss: 0.3318
[Epoch 1] [Batch 11360] Loss: 0.3323
[Epoch 1] [Batch 11370] Loss: 0.3318
[Epoch 1] [Batch 11380] Loss: 0.3320
[Epoch 1] [Batch 11390] Loss: 0.3327
[Epoch 1] [Batch 11400] Loss: 0.3323
[Epoch 1] [Batch 11410] Loss: 0.3316
[Epoch 1] [Batch 11420] Loss: 0.3322
[Epoch 1] [Batch 11430] Loss: 0.3323
[Epoch 1] [Batch 11440] Loss: 0.3313
[Epoch 1] [Batch 11450] Loss: 0.3325
[Epoch 1] [Batch 11460] Loss: 0.3318
[Epoch 1] [Batch 11470] Loss: 0.3320
[Epoch 1] [Batch 11480] Loss: 0.3319
[Epoch 1] [Batch 11490] Loss: 0.3308
[Epoch 1] [Batch 11500] Loss: 0.3321
[Epoch 1] [Batch 11510] Loss: 0.3328
[Epoch 1] [Batch 11520] Loss: 0.3321
[Epoch 1] [Batch 11530] Loss: 0.3316
[Epoch 1] [Batch 11540] Loss: 0.3323
[Epoch 1] [Batch 11550] Loss: 0.3314
[Epoch 1] [Batch 11560] Loss: 0.3320
[Epoch 1] [Batch 11570] Loss: 0.3312
[Epoch 1] [Batch 11580] Loss: 0.3318
[Epoch 1] [Batch 11590] Loss: 0.3321
[Epoch 1] [Batch 11600] Loss: 0.3314
[Epoch 1] [Batch 11610] Loss: 0.3321
[Epoch 1] [Batch 11620] Loss: 0.3315
[Epoch 1] [Batch 11630] Loss: 0.3326
[Epoch 1] [Batch 11640] Loss: 0.3314
[Epoch 1] [Batch 11650] Loss: 0.3318
[Epoch 1] [Batch 11660] Loss: 0.3321
[Epoch 1] [Batch 11670] Loss: 0.3335
[Epoch 1] [Batch 11680] Loss: 0.3319
[Epoch 1] [Batch 11690] Loss: 0.3315
[Epoch 1] [Batch 11700] Loss: 0.3314
[Epoch 1] [Batch 11710] Loss: 0.3333
[Epoch 1] [Batch 11720] Loss: 0.3311
[Epoch 1] [Batch 11730] Loss: 0.3322
[Epoch 1] [Batch 11740] Loss: 0.3316
[Epoch 1] [Batch 11750] Loss: 0.3313
[Epoch 1] [Batch 11760] Loss: 0.3326
[Epoch 1] [Batch 11770] Loss: 0.3317
[Epoch 1] [Batch 11780] Loss: 0.3325
[Epoch 1] [Batch 11790] Loss: 0.3321
[Epoch 1] [Batch 11800] Loss: 0.3327
[Epoch 1] [Batch 11810] Loss: 0.3321
[Epoch 1] [Batch 11820] Loss: 0.3317
[Epoch 1] [Batch 11830] Loss: 0.3313
[Epoch 1] [Batch 11840] Loss: 0.3322
[Epoch 1] [Batch 11850] Loss: 0.3323
[Epoch 1] [Batch 11860] Loss: 0.3328
[Epoch 1] [Batch 11870] Loss: 0.3317
[Epoch 1] [Batch 11880] Loss: 0.3322
[Epoch 1] [Batch 11890] Loss: 0.3320
[Epoch 1] [Batch 11900] Loss: 0.3313
[Epoch 1] [Batch 11910] Loss: 0.3320
[Epoch 1] [Batch 11920] Loss: 0.3313
[Epoch 1] [Batch 11930] Loss: 0.3327
[Epoch 1] [Batch 11940] Loss: 0.3313
[Epoch 1] [Batch 11950] Loss: 0.3316
[Epoch 1] [Batch 11960] Loss: 0.3311
[Epoch 1] [Batch 11970] Loss: 0.3316
[Epoch 1] [Batch 11980] Loss: 0.3313
[Epoch 1] [Batch 11990] Loss: 0.3324
[Epoch 1] [Batch 12000] Loss: 0.3321
[Epoch 1] [Batch 12010] Loss: 0.3311
[Epoch 1] [Batch 12020] Loss: 0.3323
[Epoch 1] [Batch 12030] Loss: 0.3322
[Epoch 1] [Batch 12040] Loss: 0.3320
[Epoch 1] [Batch 12050] Loss: 0.3312
[Epoch 1] [Batch 12060] Loss: 0.3321
[Epoch 1] [Batch 12070] Loss: 0.3328
[Epoch 1] [Batch 12080] Loss: 0.3328
[Epoch 1] [Batch 12090] Loss: 0.3318
[Epoch 1] [Batch 12100] Loss: 0.3319
[Epoch 1] [Batch 12110] Loss: 0.3322
[Epoch 1] [Batch 12120] Loss: 0.3314
[Epoch 1] [Batch 12130] Loss: 0.3313
[Epoch 1] [Batch 12140] Loss: 0.3326
[Epoch 1] [Batch 12150] Loss: 0.3319
[Epoch 1] [Batch 12160] Loss: 0.3318
[Epoch 1] [Batch 12170] Loss: 0.3328
[Epoch 1] [Batch 12180] Loss: 0.3306
[Epoch 1] [Batch 12190] Loss: 0.3319
[Epoch 1] [Batch 12200] Loss: 0.3315
[Epoch 1] [Batch 12210] Loss: 0.3319
[Epoch 1] [Batch 12220] Loss: 0.3319
[Epoch 1] [Batch 12230] Loss: 0.3312
[Epoch 1] [Batch 12240] Loss: 0.3319
[Epoch 1] [Batch 12250] Loss: 0.3322
[Epoch 1] [Batch 12260] Loss: 0.3326
[Epoch 1] [Batch 12270] Loss: 0.3329
[Epoch 1] [Batch 12280] Loss: 0.3314
[Epoch 1] [Batch 12290] Loss: 0.3317
[Epoch 1] [Batch 12300] Loss: 0.3311
[Epoch 1] [Batch 12310] Loss: 0.3315
[Epoch 1] [Batch 12320] Loss: 0.3315
[Epoch 1] [Batch 12330] Loss: 0.3322
[Epoch 1] [Batch 12340] Loss: 0.3315
[Epoch 1] [Batch 12350] Loss: 0.3321
[Epoch 1] [Batch 12360] Loss: 0.3319
[Epoch 1] [Batch 12370] Loss: 0.3317
[Epoch 1] [Batch 12380] Loss: 0.3317
[Epoch 1] [Batch 12390] Loss: 0.3322
[Epoch 1] [Batch 12400] Loss: 0.3319
[Epoch 1] [Batch 12410] Loss: 0.3321
[Epoch 1] [Batch 12420] Loss: 0.3313
[Epoch 1] [Batch 12430] Loss: 0.3319
[Epoch 1] [Batch 12440] Loss: 0.3316
[Epoch 1] [Batch 12450] Loss: 0.3317
[Epoch 1] [Batch 12460] Loss: 0.3308
[Epoch 1] [Batch 12470] Loss: 0.3325
[Epoch 1] [Batch 12480] Loss: 0.3330
[Epoch 1] [Batch 12490] Loss: 0.3319
[Epoch 1] [Batch 12500] Loss: 0.3326
[Epoch 1] [Batch 12510] Loss: 0.3326
[Epoch 1] [Batch 12520] Loss: 0.3322
[Epoch 1] [Batch 12530] Loss: 0.3311
[Epoch 1] [Batch 12540] Loss: 0.3317
[Epoch 1] [Batch 12550] Loss: 0.3319
[Epoch 1] [Batch 12560] Loss: 0.3315
[Epoch 1] [Batch 12570] Loss: 0.3316
[Epoch 1] [Batch 12580] Loss: 0.3311
[Epoch 1] [Batch 12590] Loss: 0.3326
[Epoch 1] [Batch 12600] Loss: 0.3321
[Epoch 1] [Batch 12610] Loss: 0.3312
[Epoch 1] [Batch 12620] Loss: 0.3317
[Epoch 1] [Batch 12630] Loss: 0.3321
[Epoch 1] [Batch 12640] Loss: 0.3313
[Epoch 1] [Batch 12650] Loss: 0.3315
[Epoch 1] [Batch 12660] Loss: 0.3326
[Epoch 1] [Batch 12670] Loss: 0.3318
[Epoch 1] [Batch 12680] Loss: 0.3313
[Epoch 1] [Batch 12690] Loss: 0.3319
[Epoch 1] [Batch 12700] Loss: 0.3318
[Epoch 1] [Batch 12710] Loss: 0.3313
[Epoch 1] [Batch 12720] Loss: 0.3313
[Epoch 1] [Batch 12730] Loss: 0.3324
[Epoch 1] [Batch 12740] Loss: 0.3310
[Epoch 1] [Batch 12750] Loss: 0.3322
[Epoch 1] [Batch 12760] Loss: 0.3318
[Epoch 1] [Batch 12770] Loss: 0.3314
[Epoch 1] [Batch 12780] Loss: 0.3314
[Epoch 1] [Batch 12790] Loss: 0.3306
[Epoch 1] [Batch 12800] Loss: 0.3317
[Epoch 1] [Batch 12810] Loss: 0.3317
[Epoch 1] [Batch 12820] Loss: 0.3320
[Epoch 1] [Batch 12830] Loss: 0.3317
[Epoch 1] [Batch 12840] Loss: 0.3309
[Epoch 1] [Batch 12850] Loss: 0.3314
[Epoch 1] [Batch 12860] Loss: 0.3317
[Epoch 1] [Batch 12870] Loss: 0.3319
[Epoch 1] [Batch 12880] Loss: 0.3317
[Epoch 1] [Batch 12890] Loss: 0.3320
[Epoch 1] [Batch 12900] Loss: 0.3318
[Epoch 1] [Batch 12910] Loss: 0.3313
[Epoch 1] [Batch 12920] Loss: 0.3310
[Epoch 1] [Batch 12930] Loss: 0.3318
[Epoch 1] [Batch 12940] Loss: 0.3322
[Epoch 1] [Batch 12950] Loss: 0.3309
[Epoch 1] [Batch 12960] Loss: 0.3318
[Epoch 1] [Batch 12970] Loss: 0.3322
[Epoch 1] [Batch 12980] Loss: 0.3317
[Epoch 1] [Batch 12990] Loss: 0.3323
[Epoch 1] [Batch 13000] Loss: 0.3307
[Epoch 1] [Batch 13010] Loss: 0.3315
[Epoch 1] [Batch 13020] Loss: 0.3320
[Epoch 1] [Batch 13030] Loss: 0.3310
[Epoch 1] [Batch 13040] Loss: 0.3315
[Epoch 1] [Batch 13050] Loss: 0.3306
[Epoch 1] [Batch 13060] Loss: 0.3323
[Epoch 1] [Batch 13070] Loss: 0.3315
[Epoch 1] [Batch 13080] Loss: 0.3312
[Epoch 1] [Batch 13090] Loss: 0.3313
[Epoch 1] [Batch 13100] Loss: 0.3308
[Epoch 1] [Batch 13110] Loss: 0.3319
[Epoch 1] [Batch 13120] Loss: 0.3326
[Epoch 1] [Batch 13130] Loss: 0.3323
[Epoch 1] [Batch 13140] Loss: 0.3315
[Epoch 1] [Batch 13150] Loss: 0.3314
[Epoch 1] [Batch 13160] Loss: 0.3321
[Epoch 1] [Batch 13170] Loss: 0.3326
[Epoch 1] [Batch 13180] Loss: 0.3311
[Epoch 1] [Batch 13190] Loss: 0.3318
[Epoch 1] [Batch 13200] Loss: 0.3315
[Epoch 1] [Batch 13210] Loss: 0.3312
[Epoch 1] [Batch 13220] Loss: 0.3314
[Epoch 1] [Batch 13230] Loss: 0.3318
[Epoch 1] [Batch 13240] Loss: 0.3309
[Epoch 1] [Batch 13250] Loss: 0.3323
[Epoch 1] [Batch 13260] Loss: 0.3314
[Epoch 1] [Batch 13270] Loss: 0.3315
[Epoch 1] [Batch 13280] Loss: 0.3304
[Epoch 1] [Batch 13290] Loss: 0.3320
[Epoch 1] [Batch 13300] Loss: 0.3321
[Epoch 1] [Batch 13310] Loss: 0.3311
[Epoch 1] [Batch 13320] Loss: 0.3326
[Epoch 1] [Batch 13330] Loss: 0.3318
[Epoch 1] [Batch 13340] Loss: 0.3310
[Epoch 1] [Batch 13350] Loss: 0.3314
[Epoch 1] [Batch 13360] Loss: 0.3324
[Epoch 1] [Batch 13370] Loss: 0.3323
[Epoch 1] [Batch 13380] Loss: 0.3324
[Epoch 1] [Batch 13390] Loss: 0.3320
[Epoch 1] [Batch 13400] Loss: 0.3319
[Epoch 1] [Batch 13410] Loss: 0.3308
[Epoch 1] [Batch 13420] Loss: 0.3317
[Epoch 1] [Batch 13430] Loss: 0.3311
[Epoch 1] [Batch 13440] Loss: 0.3327
[Epoch 1] [Batch 13450] Loss: 0.3315
[Epoch 1] [Batch 13460] Loss: 0.3312
[Epoch 1] [Batch 13470] Loss: 0.3323
[Epoch 1] [Batch 13480] Loss: 0.3325
[Epoch 1] [Batch 13490] Loss: 0.3316
[Epoch 1] [Batch 13500] Loss: 0.3313
[Epoch 1] [Batch 13510] Loss: 0.3316
[Epoch 1] [Batch 13520] Loss: 0.3318
[Epoch 1] [Batch 13530] Loss: 0.3317
[Epoch 1] [Batch 13540] Loss: 0.3315
[Epoch 1] [Batch 13550] Loss: 0.3307
[Epoch 1] [Batch 13560] Loss: 0.3316
[Epoch 1] [Batch 13570] Loss: 0.3321
[Epoch 1] [Batch 13580] Loss: 0.3319
[Epoch 1] [Batch 13590] Loss: 0.3313
[Epoch 1] [Batch 13600] Loss: 0.3304
[Epoch 1] [Batch 13610] Loss: 0.3314
[Epoch 1] [Batch 13620] Loss: 0.3316
[Epoch 1] [Batch 13630] Loss: 0.3324
[Epoch 1] [Batch 13640] Loss: 0.3311
[Epoch 1] [Batch 13650] Loss: 0.3307
[Epoch 1] [Batch 13660] Loss: 0.3321
[Epoch 1] [Batch 13670] Loss: 0.3306
[Epoch 1] [Batch 13680] Loss: 0.3309
[Epoch 1] [Batch 13690] Loss: 0.3319
[Epoch 1] [Batch 13700] Loss: 0.3315
[Epoch 1] [Batch 13710] Loss: 0.3315
[Epoch 1] [Batch 13720] Loss: 0.3317
[Epoch 1] [Batch 13730] Loss: 0.3313
[Epoch 1] [Batch 13740] Loss: 0.3309
[Epoch 1] [Batch 13750] Loss: 0.3306
[Epoch 1] [Batch 13760] Loss: 0.3314
[Epoch 1] [Batch 13770] Loss: 0.3310
[Epoch 1] [Batch 13780] Loss: 0.3318
[Epoch 1] [Batch 13790] Loss: 0.3318
[Epoch 1] [Batch 13800] Loss: 0.3310
[Epoch 1] [Batch 13810] Loss: 0.3315
[Epoch 1] [Batch 13820] Loss: 0.3318
[Epoch 1] [Batch 13830] Loss: 0.3325
[Epoch 1] [Batch 13840] Loss: 0.3313
[Epoch 1] [Batch 13850] Loss: 0.3326
[Epoch 1] [Batch 13860] Loss: 0.3317
[Epoch 1] [Batch 13870] Loss: 0.3316
[Epoch 1] [Batch 13880] Loss: 0.3311
[Epoch 1] [Batch 13890] Loss: 0.3316
[Epoch 1] [Batch 13900] Loss: 0.3309
[Epoch 1] [Batch 13910] Loss: 0.3320
[Epoch 1] [Batch 13920] Loss: 0.3317
[Epoch 1] [Batch 13930] Loss: 0.3327
[Epoch 1] [Batch 13940] Loss: 0.3314
[Epoch 1] [Batch 13950] Loss: 0.3315
[Epoch 1] [Batch 13960] Loss: 0.3320
[Epoch 1] [Batch 13970] Loss: 0.3321
[Epoch 1] [Batch 13980] Loss: 0.3309
[Epoch 1] [Batch 13990] Loss: 0.3311
[Epoch 1] [Batch 14000] Loss: 0.3326
[Epoch 1] [Batch 14010] Loss: 0.3325
[Epoch 1] [Batch 14020] Loss: 0.3324
[Epoch 1] [Batch 14030] Loss: 0.3321
[Epoch 1] [Batch 14040] Loss: 0.3313
[Epoch 1] [Batch 14050] Loss: 0.3319
[Epoch 1] [Batch 14060] Loss: 0.3312
[Epoch 1] [Batch 14070] Loss: 0.3306
[Epoch 1] [Batch 14080] Loss: 0.3319
[Epoch 1] [Batch 14090] Loss: 0.3318
[Epoch 1] [Batch 14100] Loss: 0.3314
[Epoch 1] [Batch 14110] Loss: 0.3299
[Epoch 1] [Batch 14120] Loss: 0.3313
[Epoch 1] [Batch 14130] Loss: 0.3317
[Epoch 1] [Batch 14140] Loss: 0.3310
[Epoch 1] [Batch 14150] Loss: 0.3314
[Epoch 1] [Batch 14160] Loss: 0.3322
[Epoch 1] [Batch 14170] Loss: 0.3318
[Epoch 1] [Batch 14180] Loss: 0.3317
[Epoch 1] [Batch 14190] Loss: 0.3310
[Epoch 1] [Batch 14200] Loss: 0.3315
[Epoch 1] [Batch 14210] Loss: 0.3315
[Epoch 1] [Batch 14220] Loss: 0.3327
[Epoch 1] [Batch 14230] Loss: 0.3313
[Epoch 1] [Batch 14240] Loss: 0.3327
[Epoch 1] [Batch 14250] Loss: 0.3310
[Epoch 1] [Batch 14260] Loss: 0.3317
[Epoch 1] [Batch 14270] Loss: 0.3316
[Epoch 1] [Batch 14280] Loss: 0.3322
[Epoch 1] [Batch 14290] Loss: 0.3317
[Epoch 1] [Batch 14300] Loss: 0.3315
[Epoch 1] [Batch 14310] Loss: 0.3312
[Epoch 1] [Batch 14320] Loss: 0.3313
[Epoch 1] [Batch 14330] Loss: 0.3315
[Epoch 1] [Batch 14340] Loss: 0.3322
[Epoch 1] [Batch 14350] Loss: 0.3316
[Epoch 1] [Batch 14360] Loss: 0.3315
[Epoch 1] [Batch 14370] Loss: 0.3320
[Epoch 1] [Batch 14380] Loss: 0.3312
[Epoch 1] [Batch 14390] Loss: 0.3322
[Epoch 1] [Batch 14400] Loss: 0.3310
[Epoch 1] [Batch 14410] Loss: 0.3322
[Epoch 1] [Batch 14420] Loss: 0.3320
[Epoch 1] [Batch 14430] Loss: 0.3313
[Epoch 1] [Batch 14440] Loss: 0.3322
[Epoch 1] [Batch 14450] Loss: 0.3309
[Epoch 1] [Batch 14460] Loss: 0.3310
[Epoch 1] [Batch 14470] Loss: 0.3317
[Epoch 1] [Batch 14480] Loss: 0.3308
[Epoch 1] [Batch 14490] Loss: 0.3325
[Epoch 1] [Batch 14500] Loss: 0.3312
[Epoch 1] [Batch 14510] Loss: 0.3313
[Epoch 1] [Batch 14520] Loss: 0.3311
[Epoch 1] [Batch 14530] Loss: 0.3332
[Epoch 1] [Batch 14540] Loss: 0.3314
[Epoch 1] [Batch 14550] Loss: 0.3312
[Epoch 1] [Batch 14560] Loss: 0.3317
[Epoch 1] [Batch 14570] Loss: 0.3313
[Epoch 1] [Batch 14580] Loss: 0.3316
[Epoch 1] [Batch 14590] Loss: 0.3308
[Epoch 1] [Batch 14600] Loss: 0.3305
[Epoch 1] [Batch 14610] Loss: 0.3313
[Epoch 1] [Batch 14620] Loss: 0.3305
[Epoch 1] [Batch 14630] Loss: 0.3316
[Epoch 1] [Batch 14640] Loss: 0.3308
[Epoch 1] [Batch 14650] Loss: 0.3321
[Epoch 1] [Batch 14660] Loss: 0.3303
[Epoch 1] [Batch 14670] Loss: 0.3304
[Epoch 1] [Batch 14680] Loss: 0.3315
[Epoch 1] [Batch 14690] Loss: 0.3315
[Epoch 1] [Batch 14700] Loss: 0.3314
[Epoch 1] [Batch 14710] Loss: 0.3319
[Epoch 1] [Batch 14720] Loss: 0.3307
[Epoch 1] [Batch 14730] Loss: 0.3310
[Epoch 1] [Batch 14740] Loss: 0.3316
[Epoch 1] [Batch 14750] Loss: 0.3314
[Epoch 1] [Batch 14760] Loss: 0.3306
[Epoch 1] [Batch 14770] Loss: 0.3310
[Epoch 1] [Batch 14780] Loss: 0.3313
[Epoch 1] [Batch 14790] Loss: 0.3322
[Epoch 1] [Batch 14800] Loss: 0.3311
[Epoch 1] [Batch 14810] Loss: 0.3318
[Epoch 1] [Batch 14820] Loss: 0.3311
[Epoch 1] [Batch 14830] Loss: 0.3308
[Epoch 1] [Batch 14840] Loss: 0.3314
[Epoch 1] [Batch 14850] Loss: 0.3309
[Epoch 1] [Batch 14860] Loss: 0.3315
[Epoch 1] [Batch 14870] Loss: 0.3314
[Epoch 1] [Batch 14880] Loss: 0.3316
[Epoch 1] [Batch 14890] Loss: 0.3318
[Epoch 1] [Batch 14900] Loss: 0.3306
[Epoch 1] [Batch 14910] Loss: 0.3325
[Epoch 1] [Batch 14920] Loss: 0.3317
[Epoch 1] [Batch 14930] Loss: 0.3315
[Epoch 1] [Batch 14940] Loss: 0.3315
[Epoch 1] [Batch 14950] Loss: 0.3326
[Epoch 1] [Batch 14960] Loss: 0.3309
[Epoch 1] [Batch 14970] Loss: 0.3320
[Epoch 1] [Batch 14980] Loss: 0.3312
[Epoch 1] [Batch 14990] Loss: 0.3310
[Epoch 1] [Batch 15000] Loss: 0.3313
[Epoch 1] [Batch 15010] Loss: 0.3317
[Epoch 1] [Batch 15020] Loss: 0.3312
[Epoch 1] [Batch 15030] Loss: 0.3320
[Epoch 1] [Batch 15040] Loss: 0.3321
[Epoch 1] [Batch 15050] Loss: 0.3317
[Epoch 1] [Batch 15060] Loss: 0.3310
[Epoch 1] [Batch 15070] Loss: 0.3322
[Epoch 1] [Batch 15080] Loss: 0.3317
[Epoch 1] [Batch 15090] Loss: 0.3321
[Epoch 1] [Batch 15100] Loss: 0.3314
[Epoch 1] [Batch 15110] Loss: 0.3312
[Epoch 1] [Batch 15120] Loss: 0.3324
[Epoch 1] [Batch 15130] Loss: 0.3313
[Epoch 1] [Batch 15140] Loss: 0.3315
[Epoch 1] [Batch 15150] Loss: 0.3317
[Epoch 1] [Batch 15160] Loss: 0.3305
[Epoch 1] [Batch 15170] Loss: 0.3306
[Epoch 1] [Batch 15180] Loss: 0.3306
[Epoch 1] [Batch 15190] Loss: 0.3316
[Epoch 1] [Batch 15200] Loss: 0.3311
[Epoch 1] [Batch 15210] Loss: 0.3308
[Epoch 1] [Batch 15220] Loss: 0.3318
[Epoch 1] [Batch 15230] Loss: 0.3306
[Epoch 1] [Batch 15240] Loss: 0.3309
[Epoch 1] [Batch 15250] Loss: 0.3315
[Epoch 1] [Batch 15260] Loss: 0.3327
[Epoch 1] [Batch 15270] Loss: 0.3311
[Epoch 1] [Batch 15280] Loss: 0.3322
[Epoch 1] [Batch 15290] Loss: 0.3320
[Epoch 1] [Batch 15300] Loss: 0.3319
[Epoch 1] [Batch 15310] Loss: 0.3310
[Epoch 1] [Batch 15320] Loss: 0.3308
[Epoch 1] [Batch 15330] Loss: 0.3319
[Epoch 1] [Batch 15340] Loss: 0.3309
[Epoch 1] [Batch 15350] Loss: 0.3322
[Epoch 1] [Batch 15360] Loss: 0.3318
[Epoch 1] [Batch 15370] Loss: 0.3301
[Epoch 1] [Batch 15380] Loss: 0.3306
[Epoch 1] [Batch 15390] Loss: 0.3327
[Epoch 1] [Batch 15400] Loss: 0.3315
[Epoch 1] [Batch 15410] Loss: 0.3313
[Epoch 1] [Batch 15420] Loss: 0.3329
[Epoch 1] [Batch 15430] Loss: 0.3310
[Epoch 1] [Batch 15440] Loss: 0.3321
[Epoch 1] [Batch 15450] Loss: 0.3310
[Epoch 1] [Batch 15460] Loss: 0.3311
[Epoch 1] [Batch 15470] Loss: 0.3318
[Epoch 1] [Batch 15480] Loss: 0.3310
[Epoch 1] [Batch 15490] Loss: 0.3312
[Epoch 1] [Batch 15500] Loss: 0.3315
[Epoch 1] [Batch 15510] Loss: 0.3312
[Epoch 1] [Batch 15520] Loss: 0.3312
[Epoch 1] [Batch 15530] Loss: 0.3314
[Epoch 1] [Batch 15540] Loss: 0.3316
[Epoch 1] [Batch 15550] Loss: 0.3309
[Epoch 1] [Batch 15560] Loss: 0.3314
[Epoch 1] [Batch 15570] Loss: 0.3316
[Epoch 1] [Batch 15580] Loss: 0.3314
[Epoch 1] [Batch 15590] Loss: 0.3300
[Epoch 1] [Batch 15600] Loss: 0.3319
[Epoch 1] [Batch 15610] Loss: 0.3310
[Epoch 1] [Batch 15620] Loss: 0.3317
[Epoch 1] [Batch 15630] Loss: 0.3315
[Epoch 1] [Batch 15640] Loss: 0.3320
[Epoch 1] [Batch 15650] Loss: 0.3312
[Epoch 1] [Batch 15660] Loss: 0.3318
[Epoch 1] [Batch 15670] Loss: 0.3313
[Epoch 1] [Batch 15680] Loss: 0.3316
[Epoch 1] [Batch 15690] Loss: 0.3321
[Epoch 1] [Batch 15700] Loss: 0.3315
[Epoch 1] [Batch 15710] Loss: 0.3311
[Epoch 1] [Batch 15720] Loss: 0.3307
[Epoch 1] [Batch 15730] Loss: 0.3307
[Epoch 1] [Batch 15740] Loss: 0.3309
[Epoch 1] [Batch 15750] Loss: 0.3318
[Epoch 1] [Batch 15760] Loss: 0.3314
[Epoch 1] [Batch 15770] Loss: 0.3310
[Epoch 1] [Batch 15780] Loss: 0.3318
[Epoch 1] [Batch 15790] Loss: 0.3305
[Epoch 1] [Batch 15800] Loss: 0.3315
[Epoch 1] [Batch 15810] Loss: 0.3310
[Epoch 1] [Batch 15820] Loss: 0.3320
[Epoch 1] [Batch 15830] Loss: 0.3324
[Epoch 1] [Batch 15840] Loss: 0.3317
[Epoch 1] [Batch 15850] Loss: 0.3313
[Epoch 1] [Batch 15860] Loss: 0.3310
[Epoch 1] [Batch 15870] Loss: 0.3323
[Epoch 1] [Batch 15880] Loss: 0.3311
[Epoch 1] [Batch 15890] Loss: 0.3309
[Epoch 1] [Batch 15900] Loss: 0.3308
[Epoch 1] [Batch 15910] Loss: 0.3317
[Epoch 1] [Batch 15920] Loss: 0.3309
[Epoch 1] [Batch 15930] Loss: 0.3316
[Epoch 1] [Batch 15940] Loss: 0.3300
[Epoch 1] [Batch 15950] Loss: 0.3310
[Epoch 1] [Batch 15960] Loss: 0.3317
[Epoch 1] [Batch 15970] Loss: 0.3335
[Epoch 1] [Batch 15980] Loss: 0.3308
[Epoch 1] [Batch 15990] Loss: 0.3317
[Epoch 1] [Batch 16000] Loss: 0.3315
[Epoch 1] [Batch 16010] Loss: 0.3313
[Epoch 1] [Batch 16020] Loss: 0.3320
[Epoch 1] [Batch 16030] Loss: 0.3315
[Epoch 1] [Batch 16040] Loss: 0.3323
[Epoch 1] [Batch 16050] Loss: 0.3309
[Epoch 1] [Batch 16060] Loss: 0.3314
[Epoch 1] [Batch 16070] Loss: 0.3295
[Epoch 1] [Batch 16080] Loss: 0.3312
[Epoch 1] [Batch 16090] Loss: 0.3318
[Epoch 1] [Batch 16100] Loss: 0.3317
[Epoch 1] [Batch 16110] Loss: 0.3310
[Epoch 1] [Batch 16120] Loss: 0.3322
[Epoch 1] [Batch 16130] Loss: 0.3311
[Epoch 1] [Batch 16140] Loss: 0.3312
[Epoch 1] [Batch 16150] Loss: 0.3311
[Epoch 1] [Batch 16160] Loss: 0.3308
[Epoch 1] [Batch 16170] Loss: 0.3323
[Epoch 1] [Batch 16180] Loss: 0.3319
[Epoch 1] [Batch 16190] Loss: 0.3315
[Epoch 1] [Batch 16200] Loss: 0.3321
[Epoch 1] [Batch 16210] Loss: 0.3315
[Epoch 1] [Batch 16220] Loss: 0.3303
[Epoch 1] [Batch 16230] Loss: 0.3312
[Epoch 1] [Batch 16240] Loss: 0.3317
[Epoch 1] [Batch 16250] Loss: 0.3319
[Epoch 1] [Batch 16260] Loss: 0.3309
[Epoch 1] [Batch 16270] Loss: 0.3310
[Epoch 1] [Batch 16280] Loss: 0.3307
[Epoch 1] [Batch 16290] Loss: 0.3318
[Epoch 1] [Batch 16300] Loss: 0.3317
[Epoch 1] [Batch 16310] Loss: 0.3302
[Epoch 1] [Batch 16320] Loss: 0.3314
[Epoch 1] [Batch 16330] Loss: 0.3313
[Epoch 1] [Batch 16340] Loss: 0.3310
[Epoch 1] [Batch 16350] Loss: 0.3310
[Epoch 1] [Batch 16360] Loss: 0.3305
[Epoch 1] [Batch 16370] Loss: 0.3310
[Epoch 1] [Batch 16380] Loss: 0.3313
[Epoch 1] [Batch 16390] Loss: 0.3318
[Epoch 1] [Batch 16400] Loss: 0.3308
[Epoch 1] [Batch 16410] Loss: 0.3312
[Epoch 1] [Batch 16420] Loss: 0.3321
[Epoch 1] [Batch 16430] Loss: 0.3318
[Epoch 1] [Batch 16440] Loss: 0.3304
[Epoch 1] [Batch 16450] Loss: 0.3324
[Epoch 1] [Batch 16460] Loss: 0.3316
[Epoch 1] [Batch 16470] Loss: 0.3313
[Epoch 1] [Batch 16480] Loss: 0.3314
[Epoch 1] [Batch 16490] Loss: 0.3317
[Epoch 1] [Batch 16500] Loss: 0.3304
[Epoch 1] [Batch 16510] Loss: 0.3311
[Epoch 1] [Batch 16520] Loss: 0.3306
[Epoch 1] [Batch 16530] Loss: 0.3326
[Epoch 1] [Batch 16540] Loss: 0.3319
[Epoch 1] [Batch 16550] Loss: 0.3315
[Epoch 1] [Batch 16560] Loss: 0.3315
[Epoch 1] [Batch 16570] Loss: 0.3309
[Epoch 1] [Batch 16580] Loss: 0.3318
[Epoch 1] [Batch 16590] Loss: 0.3312
[Epoch 1] [Batch 16600] Loss: 0.3299
[Epoch 1] [Batch 16610] Loss: 0.3328
[Epoch 1] [Batch 16620] Loss: 0.3311
[Epoch 1] [Batch 16630] Loss: 0.3327
[Epoch 1] [Batch 16640] Loss: 0.3310
[Epoch 1] [Batch 16650] Loss: 0.3318
[Epoch 1] [Batch 16660] Loss: 0.3304
[Epoch 1] [Batch 16670] Loss: 0.3310
[Epoch 1] [Batch 16680] Loss: 0.3313
[Epoch 1] [Batch 16690] Loss: 0.3321
[Epoch 1] [Batch 16700] Loss: 0.3320
[Epoch 1] [Batch 16710] Loss: 0.3319
[Epoch 1] [Batch 16720] Loss: 0.3317
[Epoch 1] [Batch 16730] Loss: 0.3304
[Epoch 1] [Batch 16740] Loss: 0.3307
[Epoch 1] [Batch 16750] Loss: 0.3300
[Epoch 1] [Batch 16760] Loss: 0.3307
[Epoch 1] [Batch 16770] Loss: 0.3318
[Epoch 1] [Batch 16780] Loss: 0.3311
[Epoch 1] [Batch 16790] Loss: 0.3302
[Epoch 1] [Batch 16800] Loss: 0.3312
[Epoch 1] [Batch 16810] Loss: 0.3307
[Epoch 1] [Batch 16820] Loss: 0.3321
[Epoch 1] [Batch 16830] Loss: 0.3313
[Epoch 1] [Batch 16840] Loss: 0.3323
[Epoch 1] [Batch 16850] Loss: 0.3312
[Epoch 1] [Batch 16860] Loss: 0.3317
[Epoch 1] [Batch 16870] Loss: 0.3313
[Epoch 1] [Batch 16880] Loss: 0.3312
[Epoch 1] [Batch 16890] Loss: 0.3313
[Epoch 1] [Batch 16900] Loss: 0.3312
[Epoch 1] [Batch 16910] Loss: 0.3312
[Epoch 1] [Batch 16920] Loss: 0.3318
[Epoch 1] [Batch 16930] Loss: 0.3308
[Epoch 1] [Batch 16940] Loss: 0.3309
[Epoch 1] [Batch 16950] Loss: 0.3321
[Epoch 1] [Batch 16960] Loss: 0.3318
[Epoch 1] [Batch 16970] Loss: 0.3320
[Epoch 1] [Batch 16980] Loss: 0.3316
[Epoch 1] [Batch 16990] Loss: 0.3309
[Epoch 1] [Batch 17000] Loss: 0.3316
[Epoch 1] [Batch 17010] Loss: 0.3308
[Epoch 1] [Batch 17020] Loss: 0.3312
[Epoch 1] [Batch 17030] Loss: 0.3317
[Epoch 1] [Batch 17040] Loss: 0.3307
[Epoch 1] [Batch 17050] Loss: 0.3312
[Epoch 1] [Batch 17060] Loss: 0.3312
[Epoch 1] [Batch 17070] Loss: 0.3308
[Epoch 1] [Batch 17080] Loss: 0.3318
[Epoch 1] [Batch 17090] Loss: 0.3304
[Epoch 1] [Batch 17100] Loss: 0.3296
[Epoch 1] [Batch 17110] Loss: 0.3309
[Epoch 1] [Batch 17120] Loss: 0.3315
[Epoch 1] [Batch 17130] Loss: 0.3324
[Epoch 1] [Batch 17140] Loss: 0.3312
[Epoch 1] [Batch 17150] Loss: 0.3320
[Epoch 1] [Batch 17160] Loss: 0.3314
[Epoch 1] [Batch 17170] Loss: 0.3304
[Epoch 1] [Batch 17180] Loss: 0.3317
[Epoch 1] [Batch 17190] Loss: 0.3312
[Epoch 1] [Batch 17200] Loss: 0.3301
[Epoch 1] [Batch 17210] Loss: 0.3303
[Epoch 1] [Batch 17220] Loss: 0.3304
[Epoch 1] [Batch 17230] Loss: 0.3317
[Epoch 1] [Batch 17240] Loss: 0.3312
[Epoch 1] [Batch 17250] Loss: 0.3313
[Epoch 1] [Batch 17260] Loss: 0.3311
[Epoch 1] [Batch 17270] Loss: 0.3304
[Epoch 1] [Batch 17280] Loss: 0.3320
[Epoch 1] [Batch 17290] Loss: 0.3300
[Epoch 1] [Batch 17300] Loss: 0.3316
[Epoch 1] [Batch 17310] Loss: 0.3314
[Epoch 1] [Batch 17320] Loss: 0.3320
[Epoch 1] [Batch 17330] Loss: 0.3314
[Epoch 1] [Batch 17340] Loss: 0.3311
[Epoch 1] [Batch 17350] Loss: 0.3314
[Epoch 1] [Batch 17360] Loss: 0.3317
[Epoch 1] [Batch 17370] Loss: 0.3319
[Epoch 1] [Batch 17380] Loss: 0.3308
[Epoch 1] [Batch 17390] Loss: 0.3306
[Epoch 1] [Batch 17400] Loss: 0.3315
[Epoch 1] [Batch 17410] Loss: 0.3308
[Epoch 1] [Batch 17420] Loss: 0.3304
[Epoch 1] [Batch 17430] Loss: 0.3317
[Epoch 1] [Batch 17440] Loss: 0.3307
[Epoch 1] [Batch 17450] Loss: 0.3297
[Epoch 1] [Batch 17460] Loss: 0.3313
[Epoch 1] [Batch 17470] Loss: 0.3310
[Epoch 1] [Batch 17480] Loss: 0.3312
[Epoch 1] [Batch 17490] Loss: 0.3316
[Epoch 1] [Batch 17500] Loss: 0.3314
[Epoch 1] [Batch 17510] Loss: 0.3306
[Epoch 1] [Batch 17520] Loss: 0.3322
[Epoch 1] [Batch 17530] Loss: 0.3313
[Epoch 1] [Batch 17540] Loss: 0.3310
[Epoch 1] [Batch 17550] Loss: 0.3319
[Epoch 1] [Batch 17560] Loss: 0.3311
[Epoch 1] [Batch 17570] Loss: 0.3303
[Epoch 1] [Batch 17580] Loss: 0.3323
[Epoch 1] [Batch 17590] Loss: 0.3320
[Epoch 1] [Batch 17600] Loss: 0.3313
[Epoch 1] [Batch 17610] Loss: 0.3315
[Epoch 1] [Batch 17620] Loss: 0.3308
[Epoch 1] [Batch 17630] Loss: 0.3319
[Epoch 1] [Batch 17640] Loss: 0.3310
[Epoch 1] [Batch 17650] Loss: 0.3318
[Epoch 1] [Batch 17660] Loss: 0.3313
[Epoch 1] [Batch 17670] Loss: 0.3314
[Epoch 1] [Batch 17680] Loss: 0.3312
[Epoch 1] [Batch 17690] Loss: 0.3321
[Epoch 1] [Batch 17700] Loss: 0.3315
[Epoch 1] [Batch 17710] Loss: 0.3309
[Epoch 1] [Batch 17720] Loss: 0.3304
[Epoch 1] [Batch 17730] Loss: 0.3313
[Epoch 1] [Batch 17740] Loss: 0.3315
[Epoch 1] [Batch 17750] Loss: 0.3315
[Epoch 1] [Batch 17760] Loss: 0.3309
[Epoch 1] [Batch 17770] Loss: 0.3301
[Epoch 1] [Batch 17780] Loss: 0.3310
[Epoch 1] [Batch 17790] Loss: 0.3312
[Epoch 1] [Batch 17800] Loss: 0.3298
[Epoch 1] [Batch 17810] Loss: 0.3318
[Epoch 1] [Batch 17820] Loss: 0.3305
[Epoch 1] [Batch 17830] Loss: 0.3311
[Epoch 1] [Batch 17840] Loss: 0.3309
[Epoch 1] [Batch 17850] Loss: 0.3321
[Epoch 1] [Batch 17860] Loss: 0.3314
[Epoch 1] [Batch 17870] Loss: 0.3308
[Epoch 1] [Batch 17880] Loss: 0.3296
[Epoch 1] [Batch 17890] Loss: 0.3319
[Epoch 1] [Batch 17900] Loss: 0.3322
[Epoch 1] [Batch 17910] Loss: 0.3311
[Epoch 1] [Batch 17920] Loss: 0.3314
[Epoch 1] [Batch 17930] Loss: 0.3310
[Epoch 1] [Batch 17940] Loss: 0.3311
[Epoch 1] [Batch 17950] Loss: 0.3310
[Epoch 1] [Batch 17960] Loss: 0.3325
[Epoch 1] [Batch 17970] Loss: 0.3320
[Epoch 1] [Batch 17980] Loss: 0.3304
[Epoch 1] [Batch 17990] Loss: 0.3302
[Epoch 1] [Batch 18000] Loss: 0.3318
[Epoch 1] [Batch 18010] Loss: 0.3300
[Epoch 1] [Batch 18020] Loss: 0.3314
[Epoch 1] [Batch 18030] Loss: 0.3319
[Epoch 1] [Batch 18040] Loss: 0.3306
[Epoch 1] [Batch 18050] Loss: 0.3302
[Epoch 1] [Batch 18060] Loss: 0.3312
[Epoch 1] [Batch 18070] Loss: 0.3304
[Epoch 1] [Batch 18080] Loss: 0.3318
[Epoch 1] [Batch 18090] Loss: 0.3316
[Epoch 1] [Batch 18100] Loss: 0.3306
[Epoch 1] [Batch 18110] Loss: 0.3309
[Epoch 1] [Batch 18120] Loss: 0.3314
[Epoch 1] [Batch 18130] Loss: 0.3303
[Epoch 1] [Batch 18140] Loss: 0.3320
[Epoch 1] [Batch 18150] Loss: 0.3304
[Epoch 1] [Batch 18160] Loss: 0.3319
[Epoch 1] [Batch 18170] Loss: 0.3325
[Epoch 1] [Batch 18180] Loss: 0.3308
[Epoch 1] [Batch 18190] Loss: 0.3314
[Epoch 1] [Batch 18200] Loss: 0.3316
[Epoch 1] [Batch 18210] Loss: 0.3306
[Epoch 1] [Batch 18220] Loss: 0.3310
[Epoch 1] [Batch 18230] Loss: 0.3315
[Epoch 1] [Batch 18240] Loss: 0.3295
[Epoch 1] [Batch 18250] Loss: 0.3305
[Epoch 1] [Batch 18260] Loss: 0.3305
[Epoch 1] [Batch 18270] Loss: 0.3317
[Epoch 1] [Batch 18280] Loss: 0.3320
[Epoch 1] [Batch 18290] Loss: 0.3318
[Epoch 1] [Batch 18300] Loss: 0.3303
[Epoch 1] [Batch 18310] Loss: 0.3313
[Epoch 1] [Batch 18320] Loss: 0.3310
[Epoch 1] [Batch 18330] Loss: 0.3310
[Epoch 1] [Batch 18340] Loss: 0.3306
[Epoch 1] [Batch 18350] Loss: 0.3309
[Epoch 1] [Batch 18360] Loss: 0.3321
[Epoch 1] [Batch 18370] Loss: 0.3313
[Epoch 1] [Batch 18380] Loss: 0.3317
[Epoch 1] [Batch 18390] Loss: 0.3306
[Epoch 1] [Batch 18400] Loss: 0.3308
[Epoch 1] [Batch 18410] Loss: 0.3323
[Epoch 1] [Batch 18420] Loss: 0.3314
[Epoch 1] [Batch 18430] Loss: 0.3319
[Epoch 1] [Batch 18440] Loss: 0.3313
[Epoch 1] [Batch 18450] Loss: 0.3301
[Epoch 1] [Batch 18460] Loss: 0.3301
[Epoch 1] [Batch 18470] Loss: 0.3306
[Epoch 1] [Batch 18480] Loss: 0.3307
[Epoch 1] [Batch 18490] Loss: 0.3305
[Epoch 1] [Batch 18500] Loss: 0.3310
[Epoch 1] [Batch 18510] Loss: 0.3305
[Epoch 1] [Batch 18520] Loss: 0.3311
[Epoch 1] [Batch 18530] Loss: 0.3306
[Epoch 1] [Batch 18540] Loss: 0.3325
[Epoch 1] [Batch 18550] Loss: 0.3312
[Epoch 1] [Batch 18560] Loss: 0.3316
[Epoch 1] [Batch 18570] Loss: 0.3316
[Epoch 1] [Batch 18580] Loss: 0.3310
[Epoch 1] [Batch 18590] Loss: 0.3313
[Epoch 1] [Batch 18600] Loss: 0.3319
[Epoch 1] [Batch 18610] Loss: 0.3309
[Epoch 1] [Batch 18620] Loss: 0.3317
[Epoch 1] [Batch 18630] Loss: 0.3310
[Epoch 1] [Batch 18640] Loss: 0.3313
[Epoch 1] [Batch 18650] Loss: 0.3303
[Epoch 1] [Batch 18660] Loss: 0.3306
[Epoch 1] [Batch 18670] Loss: 0.3315
[Epoch 1] [Batch 18680] Loss: 0.3306
[Epoch 1] [Batch 18690] Loss: 0.3311
[Epoch 1] [Batch 18700] Loss: 0.3312
[Epoch 1] [Batch 18710] Loss: 0.3311
[Epoch 1] [Batch 18720] Loss: 0.3325
[Epoch 1] [Batch 18730] Loss: 0.3308
[Epoch 1] [Batch 18740] Loss: 0.3306
[Epoch 1] [Batch 18750] Loss: 0.3322
[Epoch 1] [Batch 18760] Loss: 0.3311
[Epoch 1] [Batch 18770] Loss: 0.3320
[Epoch 1] [Batch 18780] Loss: 0.3309
[Epoch 1] [Batch 18790] Loss: 0.3306
[Epoch 1] [Batch 18800] Loss: 0.3328
[Epoch 1] [Batch 18810] Loss: 0.3314
[Epoch 1] [Batch 18820] Loss: 0.3310
[Epoch 1] [Batch 18830] Loss: 0.3318
[Epoch 1] [Batch 18840] Loss: 0.3309
[Epoch 1] [Batch 18850] Loss: 0.3317
[Epoch 1] [Batch 18860] Loss: 0.3322
[Epoch 1] [Batch 18870] Loss: 0.3318
[Epoch 1] [Batch 18880] Loss: 0.3309
[Epoch 1] [Batch 18890] Loss: 0.3307
[Epoch 1] [Batch 18900] Loss: 0.3311
[Epoch 1] [Batch 18910] Loss: 0.3313
[Epoch 1] [Batch 18920] Loss: 0.3310
[Epoch 1] [Batch 18930] Loss: 0.3311
[Epoch 1] [Batch 18940] Loss: 0.3314
[Epoch 1] [Batch 18950] Loss: 0.3301
[Epoch 1] [Batch 18960] Loss: 0.3311
[Epoch 1] [Batch 18970] Loss: 0.3303
[Epoch 1] [Batch 18980] Loss: 0.3299
[Epoch 1] [Batch 18990] Loss: 0.3316
[Epoch 1] [Batch 19000] Loss: 0.3300
[Epoch 1] [Batch 19010] Loss: 0.3320
[Epoch 1] [Batch 19020] Loss: 0.3315
[Epoch 1] [Batch 19030] Loss: 0.3315
[Epoch 1] [Batch 19040] Loss: 0.3319
[Epoch 1] [Batch 19050] Loss: 0.3306
[Epoch 1] [Batch 19060] Loss: 0.3310
[Epoch 1] [Batch 19070] Loss: 0.3309
[Epoch 1] [Batch 19080] Loss: 0.3304
[Epoch 1] [Batch 19090] Loss: 0.3307
[Epoch 1] [Batch 19100] Loss: 0.3297
[Epoch 1] [Batch 19110] Loss: 0.3304
[Epoch 1] [Batch 19120] Loss: 0.3302
[Epoch 1] [Batch 19130] Loss: 0.3304
[Epoch 1] [Batch 19140] Loss: 0.3315
[Epoch 1] [Batch 19150] Loss: 0.3319
[Epoch 1] [Batch 19160] Loss: 0.3306
[Epoch 1] [Batch 19170] Loss: 0.3320
[Epoch 1] [Batch 19180] Loss: 0.3318
[Epoch 1] [Batch 19190] Loss: 0.3300
[Epoch 1] [Batch 19200] Loss: 0.3313
[Epoch 1] [Batch 19210] Loss: 0.3311
[Epoch 1] [Batch 19220] Loss: 0.3314
[Epoch 1] [Batch 19230] Loss: 0.3315
[Epoch 1] [Batch 19240] Loss: 0.3312
[Epoch 1] [Batch 19250] Loss: 0.3303
[Epoch 1] [Batch 19260] Loss: 0.3307
[Epoch 1] [Batch 19270] Loss: 0.3305
[Epoch 1] [Batch 19280] Loss: 0.3307
[Epoch 1] [Batch 19290] Loss: 0.3316
[Epoch 1] [Batch 19300] Loss: 0.3303
[Epoch 1] [Batch 19310] Loss: 0.3309
[Epoch 1] [Batch 19320] Loss: 0.3308
[Epoch 1] [Batch 19330] Loss: 0.3303
[Epoch 1] [Batch 19340] Loss: 0.3309
[Epoch 1] [Batch 19350] Loss: 0.3306
[Epoch 1] [Batch 19360] Loss: 0.3307
[Epoch 1] [Batch 19370] Loss: 0.3304
[Epoch 1] [Batch 19380] Loss: 0.3314
[Epoch 1] [Batch 19390] Loss: 0.3325
[Epoch 1] [Batch 19400] Loss: 0.3307
[Epoch 1] [Batch 19410] Loss: 0.3308
[Epoch 1] [Batch 19420] Loss: 0.3305
[Epoch 1] [Batch 19430] Loss: 0.3312
[Epoch 1] [Batch 19440] Loss: 0.3311
[Epoch 1] [Batch 19450] Loss: 0.3304
[Epoch 1] [Batch 19460] Loss: 0.3321
[Epoch 1] [Batch 19470] Loss: 0.3324
[Epoch 1] [Batch 19480] Loss: 0.3303
[Epoch 1] [Batch 19490] Loss: 0.3310
[Epoch 1] [Batch 19500] Loss: 0.3308
[Epoch 1] [Batch 19510] Loss: 0.3319
[Epoch 1] [Batch 19520] Loss: 0.3312
[Epoch 1] [Batch 19530] Loss: 0.3315
[Epoch 1] [Batch 19540] Loss: 0.3292
[Epoch 1] [Batch 19550] Loss: 0.3306
[Epoch 1] [Batch 19560] Loss: 0.3317
[Epoch 1] [Batch 19570] Loss: 0.3317
[Epoch 1] [Batch 19580] Loss: 0.3307
[Epoch 1] [Batch 19590] Loss: 0.3307
[Epoch 1] [Batch 19600] Loss: 0.3308
[Epoch 1] [Batch 19610] Loss: 0.3308
[Epoch 1] [Batch 19620] Loss: 0.3322
[Epoch 1] [Batch 19630] Loss: 0.3307
[Epoch 1] [Batch 19640] Loss: 0.3309
[Epoch 1] [Batch 19650] Loss: 0.3317
[Epoch 1] [Batch 19660] Loss: 0.3308
[Epoch 1] [Batch 19670] Loss: 0.3318
[Epoch 1] [Batch 19680] Loss: 0.3306
[Epoch 1] [Batch 19690] Loss: 0.3310
[Epoch 1] [Batch 19700] Loss: 0.3314
[Epoch 1] [Batch 19710] Loss: 0.3325
[Epoch 1] [Batch 19720] Loss: 0.3321
[Epoch 1] [Batch 19730] Loss: 0.3312
[Epoch 1] [Batch 19740] Loss: 0.3301
[Epoch 1] [Batch 19750] Loss: 0.3316
[Epoch 1] [Batch 19760] Loss: 0.3305
[Epoch 1] [Batch 19770] Loss: 0.3314
[Epoch 1] [Batch 19780] Loss: 0.3309
[Epoch 1] [Batch 19790] Loss: 0.3300
[Epoch 1] [Batch 19800] Loss: 0.3301
[Epoch 1] [Batch 19810] Loss: 0.3316
[Epoch 1] [Batch 19820] Loss: 0.3315
[Epoch 1] [Batch 19830] Loss: 0.3311
[Epoch 1] [Batch 19840] Loss: 0.3318
[Epoch 1] [Batch 19850] Loss: 0.3312
[Epoch 1] [Batch 19860] Loss: 0.3315
[Epoch 1] [Batch 19870] Loss: 0.3313
[Epoch 1] [Batch 19880] Loss: 0.3314
[Epoch 1] [Batch 19890] Loss: 0.3306
[Epoch 1] [Batch 19900] Loss: 0.3291
[Epoch 1] [Batch 19910] Loss: 0.3313
[Epoch 1] [Batch 19920] Loss: 0.3323
[Epoch 1] [Batch 19930] Loss: 0.3306
[Epoch 1] [Batch 19940] Loss: 0.3312
[Epoch 1] [Batch 19950] Loss: 0.3297
[Epoch 1] [Batch 19960] Loss: 0.3310
[Epoch 1] [Batch 19970] Loss: 0.3320
[Epoch 1] [Batch 19980] Loss: 0.3301
[Epoch 1] [Batch 19990] Loss: 0.3314
[Epoch 1] [Batch 20000] Loss: 0.3313
[Epoch 1] [Batch 20010] Loss: 0.3312
